[31-Aug-2016 10:22:54 America/New_York] PHP Warning:  require_once(/home/ruslana/public_html/autoload.php): failed to open stream: No such file or directory in /home/ruslana/public_html/index.php on line 21
[31-Aug-2016 10:22:54 America/New_York] PHP Fatal error:  require_once(): Failed opening required '/home/ruslana/public_html/autoload.php' (include_path='.:/usr/lib/php:/usr/local/lib/php') in /home/ruslana/public_html/index.php on line 21
[31-Aug-2016 10:23:43 America/New_York] PHP Warning:  require_once(autoload.php): failed to open stream: No such file or directory in /home/ruslana/public_html/index.php on line 21
[31-Aug-2016 10:23:43 America/New_York] PHP Fatal error:  require_once(): Failed opening required 'autoload.php' (include_path='.:/usr/lib/php:/usr/local/lib/php') in /home/ruslana/public_html/index.php on line 21
[31-Aug-2016 10:24:44 America/New_York] PHP Warning:  require_once(autoload.php): failed to open stream: No such file or directory in /home/ruslana/public_html/index.php on line 21
[31-Aug-2016 10:24:44 America/New_York] PHP Fatal error:  require_once(): Failed opening required 'autoload.php' (include_path='.:/usr/lib/php:/usr/local/lib/php') in /home/ruslana/public_html/index.php on line 21
[31-Aug-2016 10:24:53 America/New_York] PHP Warning:  require_once(autoload.php): failed to open stream: No such file or directory in /home/ruslana/public_html/index.php on line 21
[31-Aug-2016 10:24:53 America/New_York] PHP Fatal error:  require_once(): Failed opening required 'autoload.php' (include_path='.:/usr/lib/php:/usr/local/lib/php') in /home/ruslana/public_html/index.php on line 21
[31-Aug-2016 10:25:43 America/New_York] PHP Warning:  require_once(autoload.php): failed to open stream: No such file or directory in /home/ruslana/public_html/index.php on line 21
[31-Aug-2016 10:25:43 America/New_York] PHP Fatal error:  require_once(): Failed opening required 'autoload.php' (include_path='.:/usr/lib/php:/usr/local/lib/php') in /home/ruslana/public_html/index.php on line 21
[31-Aug-2016 10:26:52 America/New_York] PHP Warning:  require_once(autoload.php): failed to open stream: No such file or directory in /home/ruslana/public_html/index.php on line 21
[31-Aug-2016 10:26:52 America/New_York] PHP Fatal error:  require_once(): Failed opening required 'autoload.php' (include_path='.:/usr/lib/php:/usr/local/lib/php') in /home/ruslana/public_html/index.php on line 21
[31-Aug-2016 10:27:37 America/New_York] PHP Warning:  require_once(autoload.php): failed to open stream: No such file or directory in /home/ruslana/public_html/index.php on line 21
[31-Aug-2016 10:27:37 America/New_York] PHP Fatal error:  require_once(): Failed opening required 'autoload.php' (include_path='.:/usr/lib/php:/usr/local/lib/php') in /home/ruslana/public_html/index.php on line 21
[31-Aug-2016 10:28:44 America/New_York] PHP Warning:  require_once(autoload.php): failed to open stream: No such file or directory in /home/ruslana/public_html/index.php on line 21
[31-Aug-2016 10:28:44 America/New_York] PHP Fatal error:  require_once(): Failed opening required 'autoload.php' (include_path='.:/usr/lib/php:/usr/local/lib/php') in /home/ruslana/public_html/index.php on line 21
[31-Aug-2016 10:28:45 America/New_York] PHP Warning:  require_once(autoload.php): failed to open stream: No such file or directory in /home/ruslana/public_html/index.php on line 21
[31-Aug-2016 10:28:45 America/New_York] PHP Fatal error:  require_once(): Failed opening required 'autoload.php' (include_path='.:/usr/lib/php:/usr/local/lib/php') in /home/ruslana/public_html/index.php on line 21
[31-Aug-2016 10:29:31 America/New_York] PHP Warning:  require_once(autoload.php): failed to open stream: No such file or directory in /home/ruslana/public_html/index.php on line 21
[31-Aug-2016 10:29:31 America/New_York] PHP Fatal error:  require_once(): Failed opening required 'autoload.php' (include_path='.:/usr/lib/php:/usr/local/lib/php') in /home/ruslana/public_html/index.php on line 21
[31-Aug-2016 10:30:45 America/New_York] PHP Warning:  require_once(autoload.php): failed to open stream: No such file or directory in /home/ruslana/public_html/index.php on line 21
[31-Aug-2016 10:30:45 America/New_York] PHP Fatal error:  require_once(): Failed opening required 'autoload.php' (include_path='.:/usr/lib/php:/usr/local/lib/php') in /home/ruslana/public_html/index.php on line 21
[31-Aug-2016 10:31:34 America/New_York] PHP Warning:  require_once(autoload.php): failed to open stream: No such file or directory in /home/ruslana/public_html/index.php on line 21
[31-Aug-2016 10:31:34 America/New_York] PHP Fatal error:  require_once(): Failed opening required 'autoload.php' (include_path='.:/usr/lib/php:/usr/local/lib/php') in /home/ruslana/public_html/index.php on line 21
[31-Aug-2016 10:31:43 America/New_York] PHP Warning:  require_once(autoload.php): failed to open stream: No such file or directory in /home/ruslana/public_html/index.php on line 21
[31-Aug-2016 10:31:43 America/New_York] PHP Fatal error:  require_once(): Failed opening required 'autoload.php' (include_path='.:/usr/lib/php:/usr/local/lib/php') in /home/ruslana/public_html/index.php on line 21
[31-Aug-2016 10:32:48 America/New_York] PHP Warning:  require_once(autoload.php): failed to open stream: No such file or directory in /home/ruslana/public_html/index.php on line 21
[31-Aug-2016 10:32:48 America/New_York] PHP Fatal error:  require_once(): Failed opening required 'autoload.php' (include_path='.:/usr/lib/php:/usr/local/lib/php') in /home/ruslana/public_html/index.php on line 21
[31-Aug-2016 10:33:35 America/New_York] PHP Warning:  require_once(autoload.php): failed to open stream: No such file or directory in /home/ruslana/public_html/index.php on line 21
[31-Aug-2016 10:33:35 America/New_York] PHP Fatal error:  require_once(): Failed opening required 'autoload.php' (include_path='.:/usr/lib/php:/usr/local/lib/php') in /home/ruslana/public_html/index.php on line 21
[31-Aug-2016 10:34:45 America/New_York] PHP Warning:  require_once(autoload.php): failed to open stream: No such file or directory in /home/ruslana/public_html/index.php on line 21
[31-Aug-2016 10:34:45 America/New_York] PHP Fatal error:  require_once(): Failed opening required 'autoload.php' (include_path='.:/usr/lib/php:/usr/local/lib/php') in /home/ruslana/public_html/index.php on line 21
[31-Aug-2016 10:34:47 America/New_York] PHP Warning:  require_once(autoload.php): failed to open stream: No such file or directory in /home/ruslana/public_html/index.php on line 21
[31-Aug-2016 10:34:47 America/New_York] PHP Fatal error:  require_once(): Failed opening required 'autoload.php' (include_path='.:/usr/lib/php:/usr/local/lib/php') in /home/ruslana/public_html/index.php on line 21
[31-Aug-2016 10:35:30 America/New_York] PHP Warning:  require_once(autoload.php): failed to open stream: No such file or directory in /home/ruslana/public_html/index.php on line 21
[31-Aug-2016 10:35:30 America/New_York] PHP Fatal error:  require_once(): Failed opening required 'autoload.php' (include_path='.:/usr/lib/php:/usr/local/lib/php') in /home/ruslana/public_html/index.php on line 21
[31-Aug-2016 10:36:43 America/New_York] PHP Warning:  require_once(autoload.php): failed to open stream: No such file or directory in /home/ruslana/public_html/index.php on line 21
[31-Aug-2016 10:36:43 America/New_York] PHP Fatal error:  require_once(): Failed opening required 'autoload.php' (include_path='.:/usr/lib/php:/usr/local/lib/php') in /home/ruslana/public_html/index.php on line 21
[31-Aug-2016 10:37:33 America/New_York] PHP Warning:  require_once(autoload.php): failed to open stream: No such file or directory in /home/ruslana/public_html/index.php on line 21
[31-Aug-2016 10:37:33 America/New_York] PHP Fatal error:  require_once(): Failed opening required 'autoload.php' (include_path='.:/usr/lib/php:/usr/local/lib/php') in /home/ruslana/public_html/index.php on line 21
[31-Aug-2016 10:38:41 America/New_York] PHP Warning:  require_once(autoload.php): failed to open stream: No such file or directory in /home/ruslana/public_html/index.php on line 21
[31-Aug-2016 10:38:41 America/New_York] PHP Fatal error:  require_once(): Failed opening required 'autoload.php' (include_path='.:/usr/lib/php:/usr/local/lib/php') in /home/ruslana/public_html/index.php on line 21
[31-Aug-2016 10:39:28 America/New_York] PHP Warning:  require_once(autoload.php): failed to open stream: No such file or directory in /home/ruslana/public_html/index.php on line 21
[31-Aug-2016 10:39:28 America/New_York] PHP Fatal error:  require_once(): Failed opening required 'autoload.php' (include_path='.:/usr/lib/php:/usr/local/lib/php') in /home/ruslana/public_html/index.php on line 21
[31-Aug-2016 10:40:37 America/New_York] PHP Warning:  require_once(autoload.php): failed to open stream: No such file or directory in /home/ruslana/public_html/index.php on line 21
[31-Aug-2016 10:40:37 America/New_York] PHP Fatal error:  require_once(): Failed opening required 'autoload.php' (include_path='.:/usr/lib/php:/usr/local/lib/php') in /home/ruslana/public_html/index.php on line 21
[31-Aug-2016 10:41:22 America/New_York] PHP Warning:  require_once(autoload.php): failed to open stream: No such file or directory in /home/ruslana/public_html/index.php on line 21
[31-Aug-2016 10:41:22 America/New_York] PHP Fatal error:  require_once(): Failed opening required 'autoload.php' (include_path='.:/usr/lib/php:/usr/local/lib/php') in /home/ruslana/public_html/index.php on line 21
[31-Aug-2016 10:42:30 America/New_York] PHP Warning:  require_once(autoload.php): failed to open stream: No such file or directory in /home/ruslana/public_html/index.php on line 21
[31-Aug-2016 10:42:30 America/New_York] PHP Fatal error:  require_once(): Failed opening required 'autoload.php' (include_path='.:/usr/lib/php:/usr/local/lib/php') in /home/ruslana/public_html/index.php on line 21
[31-Aug-2016 10:43:19 America/New_York] PHP Warning:  require_once(autoload.php): failed to open stream: No such file or directory in /home/ruslana/public_html/index.php on line 21
[31-Aug-2016 10:43:19 America/New_York] PHP Fatal error:  require_once(): Failed opening required 'autoload.php' (include_path='.:/usr/lib/php:/usr/local/lib/php') in /home/ruslana/public_html/index.php on line 21
[31-Aug-2016 10:44:30 America/New_York] PHP Warning:  require_once(autoload.php): failed to open stream: No such file or directory in /home/ruslana/public_html/index.php on line 21
[31-Aug-2016 10:44:30 America/New_York] PHP Fatal error:  require_once(): Failed opening required 'autoload.php' (include_path='.:/usr/lib/php:/usr/local/lib/php') in /home/ruslana/public_html/index.php on line 21
[31-Aug-2016 10:45:20 America/New_York] PHP Warning:  require_once(autoload.php): failed to open stream: No such file or directory in /home/ruslana/public_html/index.php on line 21
[31-Aug-2016 10:45:20 America/New_York] PHP Fatal error:  require_once(): Failed opening required 'autoload.php' (include_path='.:/usr/lib/php:/usr/local/lib/php') in /home/ruslana/public_html/index.php on line 21
[31-Aug-2016 10:46:28 America/New_York] PHP Warning:  require_once(autoload.php): failed to open stream: No such file or directory in /home/ruslana/public_html/index.php on line 21
[31-Aug-2016 10:46:28 America/New_York] PHP Fatal error:  require_once(): Failed opening required 'autoload.php' (include_path='.:/usr/lib/php:/usr/local/lib/php') in /home/ruslana/public_html/index.php on line 21
[31-Aug-2016 10:47:13 America/New_York] PHP Warning:  require_once(autoload.php): failed to open stream: No such file or directory in /home/ruslana/public_html/index.php on line 21
[31-Aug-2016 10:47:13 America/New_York] PHP Fatal error:  require_once(): Failed opening required 'autoload.php' (include_path='.:/usr/lib/php:/usr/local/lib/php') in /home/ruslana/public_html/index.php on line 21
[31-Aug-2016 10:48:20 America/New_York] PHP Warning:  require_once(autoload.php): failed to open stream: No such file or directory in /home/ruslana/public_html/index.php on line 21
[31-Aug-2016 10:48:20 America/New_York] PHP Fatal error:  require_once(): Failed opening required 'autoload.php' (include_path='.:/usr/lib/php:/usr/local/lib/php') in /home/ruslana/public_html/index.php on line 21
[31-Aug-2016 10:49:11 America/New_York] PHP Warning:  require_once(autoload.php): failed to open stream: No such file or directory in /home/ruslana/public_html/index.php on line 21
[31-Aug-2016 10:49:11 America/New_York] PHP Fatal error:  require_once(): Failed opening required 'autoload.php' (include_path='.:/usr/lib/php:/usr/local/lib/php') in /home/ruslana/public_html/index.php on line 21
[31-Aug-2016 10:50:14 America/New_York] PHP Warning:  require_once(autoload.php): failed to open stream: No such file or directory in /home/ruslana/public_html/index.php on line 21
[31-Aug-2016 10:50:14 America/New_York] PHP Fatal error:  require_once(): Failed opening required 'autoload.php' (include_path='.:/usr/lib/php:/usr/local/lib/php') in /home/ruslana/public_html/index.php on line 21
[31-Aug-2016 10:51:08 America/New_York] PHP Warning:  require_once(autoload.php): failed to open stream: No such file or directory in /home/ruslana/public_html/index.php on line 21
[31-Aug-2016 10:51:08 America/New_York] PHP Fatal error:  require_once(): Failed opening required 'autoload.php' (include_path='.:/usr/lib/php:/usr/local/lib/php') in /home/ruslana/public_html/index.php on line 21
[31-Aug-2016 10:52:10 America/New_York] PHP Warning:  require_once(autoload.php): failed to open stream: No such file or directory in /home/ruslana/public_html/index.php on line 21
[31-Aug-2016 10:52:10 America/New_York] PHP Fatal error:  require_once(): Failed opening required 'autoload.php' (include_path='.:/usr/lib/php:/usr/local/lib/php') in /home/ruslana/public_html/index.php on line 21
[31-Aug-2016 10:53:02 America/New_York] PHP Warning:  require_once(autoload.php): failed to open stream: No such file or directory in /home/ruslana/public_html/index.php on line 21
[31-Aug-2016 10:53:02 America/New_York] PHP Fatal error:  require_once(): Failed opening required 'autoload.php' (include_path='.:/usr/lib/php:/usr/local/lib/php') in /home/ruslana/public_html/index.php on line 21
[31-Aug-2016 10:54:04 America/New_York] PHP Warning:  require_once(autoload.php): failed to open stream: No such file or directory in /home/ruslana/public_html/index.php on line 21
[31-Aug-2016 10:54:04 America/New_York] PHP Fatal error:  require_once(): Failed opening required 'autoload.php' (include_path='.:/usr/lib/php:/usr/local/lib/php') in /home/ruslana/public_html/index.php on line 21
[31-Aug-2016 10:54:57 America/New_York] PHP Warning:  require_once(autoload.php): failed to open stream: No such file or directory in /home/ruslana/public_html/index.php on line 21
[31-Aug-2016 10:54:57 America/New_York] PHP Fatal error:  require_once(): Failed opening required 'autoload.php' (include_path='.:/usr/lib/php:/usr/local/lib/php') in /home/ruslana/public_html/index.php on line 21
[31-Aug-2016 10:55:48 America/New_York] PHP Warning:  require_once(autoload.php): failed to open stream: No such file or directory in /home/ruslana/public_html/index.php on line 21
[31-Aug-2016 10:55:48 America/New_York] PHP Fatal error:  require_once(): Failed opening required 'autoload.php' (include_path='.:/usr/lib/php:/usr/local/lib/php') in /home/ruslana/public_html/index.php on line 21
[31-Aug-2016 10:55:58 America/New_York] PHP Warning:  require_once(autoload.php): failed to open stream: No such file or directory in /home/ruslana/public_html/index.php on line 21
[31-Aug-2016 10:55:58 America/New_York] PHP Fatal error:  require_once(): Failed opening required 'autoload.php' (include_path='.:/usr/lib/php:/usr/local/lib/php') in /home/ruslana/public_html/index.php on line 21
[31-Aug-2016 10:56:52 America/New_York] PHP Warning:  require_once(autoload.php): failed to open stream: No such file or directory in /home/ruslana/public_html/index.php on line 21
[31-Aug-2016 10:56:52 America/New_York] PHP Fatal error:  require_once(): Failed opening required 'autoload.php' (include_path='.:/usr/lib/php:/usr/local/lib/php') in /home/ruslana/public_html/index.php on line 21
[31-Aug-2016 10:57:54 America/New_York] PHP Warning:  require_once(autoload.php): failed to open stream: No such file or directory in /home/ruslana/public_html/index.php on line 21
[31-Aug-2016 10:57:54 America/New_York] PHP Fatal error:  require_once(): Failed opening required 'autoload.php' (include_path='.:/usr/lib/php:/usr/local/lib/php') in /home/ruslana/public_html/index.php on line 21
[31-Aug-2016 10:58:45 America/New_York] PHP Warning:  require_once(autoload.php): failed to open stream: No such file or directory in /home/ruslana/public_html/index.php on line 21
[31-Aug-2016 10:58:45 America/New_York] PHP Fatal error:  require_once(): Failed opening required 'autoload.php' (include_path='.:/usr/lib/php:/usr/local/lib/php') in /home/ruslana/public_html/index.php on line 21
[31-Aug-2016 10:59:54 America/New_York] PHP Warning:  require_once(autoload.php): failed to open stream: No such file or directory in /home/ruslana/public_html/index.php on line 21
[31-Aug-2016 10:59:54 America/New_York] PHP Fatal error:  require_once(): Failed opening required 'autoload.php' (include_path='.:/usr/lib/php:/usr/local/lib/php') in /home/ruslana/public_html/index.php on line 21
[31-Aug-2016 11:00:51 America/New_York] PHP Warning:  require_once(autoload.php): failed to open stream: No such file or directory in /home/ruslana/public_html/index.php on line 21
[31-Aug-2016 11:00:51 America/New_York] PHP Fatal error:  require_once(): Failed opening required 'autoload.php' (include_path='.:/usr/lib/php:/usr/local/lib/php') in /home/ruslana/public_html/index.php on line 21
[31-Aug-2016 11:01:53 America/New_York] PHP Warning:  require_once(autoload.php): failed to open stream: No such file or directory in /home/ruslana/public_html/index.php on line 21
[31-Aug-2016 11:01:53 America/New_York] PHP Fatal error:  require_once(): Failed opening required 'autoload.php' (include_path='.:/usr/lib/php:/usr/local/lib/php') in /home/ruslana/public_html/index.php on line 21
[31-Aug-2016 11:02:05 America/New_York] PHP Warning:  require_once(autoload.php): failed to open stream: No such file or directory in /home/ruslana/public_html/index.php on line 21
[31-Aug-2016 11:02:05 America/New_York] PHP Fatal error:  require_once(): Failed opening required 'autoload.php' (include_path='.:/usr/lib/php:/usr/local/lib/php') in /home/ruslana/public_html/index.php on line 21
[31-Aug-2016 11:02:50 America/New_York] PHP Warning:  require_once(autoload.php): failed to open stream: No such file or directory in /home/ruslana/public_html/index.php on line 21
[31-Aug-2016 11:02:50 America/New_York] PHP Fatal error:  require_once(): Failed opening required 'autoload.php' (include_path='.:/usr/lib/php:/usr/local/lib/php') in /home/ruslana/public_html/index.php on line 21
[31-Aug-2016 11:03:52 America/New_York] PHP Warning:  require_once(autoload.php): failed to open stream: No such file or directory in /home/ruslana/public_html/index.php on line 21
[31-Aug-2016 11:03:52 America/New_York] PHP Fatal error:  require_once(): Failed opening required 'autoload.php' (include_path='.:/usr/lib/php:/usr/local/lib/php') in /home/ruslana/public_html/index.php on line 21
[31-Aug-2016 11:04:58 America/New_York] PHP Warning:  require_once(autoload.php): failed to open stream: No such file or directory in /home/ruslana/public_html/index.php on line 21
[31-Aug-2016 11:04:58 America/New_York] PHP Fatal error:  require_once(): Failed opening required 'autoload.php' (include_path='.:/usr/lib/php:/usr/local/lib/php') in /home/ruslana/public_html/index.php on line 21
[31-Aug-2016 11:05:24 America/New_York] PHP Warning:  require_once(autoload.php): failed to open stream: No such file or directory in /home/ruslana/public_html/index.php on line 21
[31-Aug-2016 11:05:24 America/New_York] PHP Fatal error:  require_once(): Failed opening required 'autoload.php' (include_path='.:/usr/lib/php:/usr/local/lib/php') in /home/ruslana/public_html/index.php on line 21
[31-Aug-2016 11:07:04 America/New_York] PHP Warning:  require_once(autoload.php): failed to open stream: No such file or directory in /home/ruslana/public_html/index.php on line 21
[31-Aug-2016 11:07:04 America/New_York] PHP Fatal error:  require_once(): Failed opening required 'autoload.php' (include_path='.:/usr/lib/php:/usr/local/lib/php') in /home/ruslana/public_html/index.php on line 21
[31-Aug-2016 11:07:25 America/New_York] PHP Warning:  require_once(autoload.php): failed to open stream: No such file or directory in /home/ruslana/public_html/index.php on line 21
[31-Aug-2016 11:07:25 America/New_York] PHP Fatal error:  require_once(): Failed opening required 'autoload.php' (include_path='.:/usr/lib/php:/usr/local/lib/php') in /home/ruslana/public_html/index.php on line 21
[31-Aug-2016 11:08:02 America/New_York] PHP Warning:  require_once(autoload.php): failed to open stream: No such file or directory in /home/ruslana/public_html/index.php on line 21
[31-Aug-2016 11:08:02 America/New_York] PHP Fatal error:  require_once(): Failed opening required 'autoload.php' (include_path='.:/usr/lib/php:/usr/local/lib/php') in /home/ruslana/public_html/index.php on line 21
[31-Aug-2016 11:09:04 America/New_York] PHP Warning:  require_once(autoload.php): failed to open stream: No such file or directory in /home/ruslana/public_html/index.php on line 21
[31-Aug-2016 11:09:04 America/New_York] PHP Fatal error:  require_once(): Failed opening required 'autoload.php' (include_path='.:/usr/lib/php:/usr/local/lib/php') in /home/ruslana/public_html/index.php on line 21
[31-Aug-2016 11:09:27 America/New_York] PHP Warning:  require_once(autoload.php): failed to open stream: No such file or directory in /home/ruslana/public_html/index.php on line 21
[31-Aug-2016 11:09:27 America/New_York] PHP Fatal error:  require_once(): Failed opening required 'autoload.php' (include_path='.:/usr/lib/php:/usr/local/lib/php') in /home/ruslana/public_html/index.php on line 21
[23-Sep-2016 08:48:24 UTC] PHP Fatal error:  Call to undefined function Drupal\develop\Controller\damp() in /home/ruslana/public_html/modules/custom/develop/src/Controller/ApiController.php on line 177
[23-Sep-2016 15:43:17 UTC] PHP Fatal error:  Call to undefined method Drupal\lottery\Libraries\saMailer::send_text() in /home/ruslana/public_html/modules/custom/develop/src/Controller/ApiController.php on line 268
[25-Sep-2016 11:13:32 UTC] PHP Fatal error:  Call to a member function url() on a non-object in /home/ruslana/public_html/modules/custom/develop/src/Plugin/Block/BlogBlock.php on line 34
[25-Sep-2016 11:13:33 UTC] PHP Fatal error:  Call to a member function url() on a non-object in /home/ruslana/public_html/modules/custom/develop/src/Plugin/Block/BlogBlock.php on line 34
[25-Sep-2016 11:13:38 UTC] PHP Fatal error:  Call to a member function url() on a non-object in /home/ruslana/public_html/modules/custom/develop/src/Plugin/Block/BlogBlock.php on line 34
[25-Sep-2016 11:13:43 UTC] PHP Fatal error:  Call to a member function url() on a non-object in /home/ruslana/public_html/modules/custom/develop/src/Plugin/Block/BlogBlock.php on line 34
[25-Sep-2016 11:13:48 UTC] PHP Fatal error:  Call to a member function url() on a non-object in /home/ruslana/public_html/modules/custom/develop/src/Plugin/Block/BlogBlock.php on line 34
[25-Sep-2016 11:13:51 UTC] PHP Fatal error:  Call to a member function url() on a non-object in /home/ruslana/public_html/modules/custom/develop/src/Plugin/Block/BlogBlock.php on line 34
[25-Sep-2016 11:13:57 UTC] PHP Fatal error:  Call to a member function url() on a non-object in /home/ruslana/public_html/modules/custom/develop/src/Plugin/Block/BlogBlock.php on line 34
[25-Sep-2016 11:14:18 UTC] PHP Fatal error:  Call to a member function url() on a non-object in /home/ruslana/public_html/modules/custom/develop/src/Plugin/Block/BlogBlock.php on line 34
[25-Sep-2016 11:14:20 UTC] PHP Fatal error:  Call to a member function url() on a non-object in /home/ruslana/public_html/modules/custom/develop/src/Plugin/Block/BlogBlock.php on line 34
[25-Sep-2016 11:14:29 UTC] PHP Fatal error:  Call to a member function url() on a non-object in /home/ruslana/public_html/modules/custom/develop/src/Plugin/Block/BlogBlock.php on line 34
[25-Sep-2016 11:14:33 UTC] PHP Fatal error:  Call to a member function url() on a non-object in /home/ruslana/public_html/modules/custom/develop/src/Plugin/Block/BlogBlock.php on line 34
[25-Sep-2016 11:14:36 UTC] PHP Fatal error:  Call to a member function url() on a non-object in /home/ruslana/public_html/modules/custom/develop/src/Plugin/Block/BlogBlock.php on line 34
[25-Sep-2016 11:15:14 UTC] PHP Fatal error:  Call to a member function url() on a non-object in /home/ruslana/public_html/modules/custom/develop/src/Plugin/Block/BlogBlock.php on line 34
[25-Sep-2016 11:15:14 UTC] PHP Fatal error:  Call to a member function url() on a non-object in /home/ruslana/public_html/modules/custom/develop/src/Plugin/Block/BlogBlock.php on line 34
[25-Sep-2016 11:15:28 UTC] PHP Fatal error:  Call to a member function url() on a non-object in /home/ruslana/public_html/modules/custom/develop/src/Plugin/Block/BlogBlock.php on line 34
[25-Sep-2016 11:15:29 UTC] PHP Fatal error:  Call to a member function url() on a non-object in /home/ruslana/public_html/modules/custom/develop/src/Plugin/Block/BlogBlock.php on line 34
[25-Sep-2016 11:15:37 UTC] PHP Fatal error:  Call to a member function url() on a non-object in /home/ruslana/public_html/modules/custom/develop/src/Plugin/Block/BlogBlock.php on line 34
[25-Sep-2016 11:15:52 UTC] PHP Fatal error:  Call to a member function url() on a non-object in /home/ruslana/public_html/modules/custom/develop/src/Plugin/Block/BlogBlock.php on line 34
[25-Sep-2016 11:16:06 UTC] PHP Fatal error:  Call to a member function url() on a non-object in /home/ruslana/public_html/modules/custom/develop/src/Plugin/Block/BlogBlock.php on line 34
[25-Sep-2016 11:17:11 UTC] PHP Fatal error:  Call to a member function url() on a non-object in /home/ruslana/public_html/modules/custom/develop/src/Plugin/Block/BlogBlock.php on line 34
[25-Sep-2016 11:17:19 UTC] PHP Fatal error:  Call to a member function url() on a non-object in /home/ruslana/public_html/modules/custom/develop/src/Plugin/Block/BlogBlock.php on line 34
[25-Sep-2016 11:21:05 UTC] PHP Fatal error:  Call to a member function url() on a non-object in /home/ruslana/public_html/modules/custom/develop/src/Plugin/Block/BlogBlock.php on line 34
[26-Sep-2016 09:32:50 UTC] PHP Fatal error:  Call to undefined method Drupal\Component\Utility\SafeMarkup::Html() in /home/ruslana/public_html/modules/custom/lottery/lottery.module on line 36
[26-Sep-2016 09:33:56 UTC] PHP Fatal error:  Class 'Html' not found in /home/ruslana/public_html/modules/custom/lottery/lottery.module on line 36
[26-Sep-2016 05:35:47 America/New_York] PHP Parse error:  syntax error, unexpected 'use' (T_USE), expecting ',' or ';' in /home/ruslana/public_html/modules/custom/lottery/lottery.module on line 10
[26-Sep-2016 15:58:00 UTC] PHP Parse error:  syntax error, unexpected '$body' (T_VARIABLE) in /home/ruslana/public_html/modules/custom/lottery/src/Libraries/saMailer.php on line 56
[26-Sep-2016 15:58:24 UTC] PHP Fatal error:  Call to undefined function Drupal\lottery\Libraries\variable_get() in /home/ruslana/public_html/modules/custom/lottery/src/Libraries/saMailer.php on line 63
[26-Sep-2016 15:59:06 UTC] PHP Fatal error:  Call to undefined function Drupal\lottery\Libraries\drupal_mail_system() in /home/ruslana/public_html/modules/custom/lottery/src/Libraries/saMailer.php on line 68
[26-Sep-2016 15:59:30 UTC] PHP Fatal error:  Call to undefined function Drupal\lottery\Libraries\drupal_mail_system() in /home/ruslana/public_html/modules/custom/lottery/src/Libraries/saMailer.php on line 68
[26-Sep-2016 12:09:47 America/New_York] PHP Fatal error:  Class 'DefaultMailSystem' not found in /home/ruslana/public_html/modules/custom/lottery/lottery.module on line 63
[26-Sep-2016 16:43:11 UTC] Uncaught PHP Exception CurrencyConverter\Exception\InvalidArgumentException: "Invalid currency provided. String or array expected." at /home/ruslana/public_html/vendor/ujjwal/currency-converter/src/CurrencyConverter.php line 148
[26-Sep-2016 16:43:23 UTC] PHP Parse error:  syntax error, unexpected 'center' (T_STRING) in /home/ruslana/public_html/modules/custom/lottery/src/Libraries/saMailer.php on line 46
[27-Sep-2016 00:55:27 UTC] Uncaught PHP Exception RuntimeException: "Failed to start the session because headers have already been sent by "/home/ruslana/public_html/vendor/symfony/var-dumper/Dumper/AbstractDumper.php" at line 162." at /home/ruslana/public_html/vendor/symfony/http-foundation/Session/Storage/NativeSessionStorage.php line 140
[27-Sep-2016 00:55:27 UTC] RuntimeException: Failed to start the session because headers have already been sent by "/home/ruslana/public_html/vendor/symfony/var-dumper/Dumper/AbstractDumper.php" at line 162. in /home/ruslana/public_html/vendor/symfony/http-foundation/Session/Storage/NativeSessionStorage.php on line 140
[27-Sep-2016 09:32:55 UTC] PHP Parse error:  syntax error, unexpected '"</b>' (T_CONSTANT_ENCAPSED_STRING) in /home/ruslana/public_html/modules/custom/lottery/src/Libraries/saMailer.php on line 223
[27-Sep-2016 09:36:30 UTC] Uncaught PHP Exception CurrencyConverter\Exception\InvalidArgumentException: "Invalid currency provided. String or array expected." at /home/ruslana/public_html/vendor/ujjwal/currency-converter/src/CurrencyConverter.php line 148
[27-Sep-2016 09:36:35 UTC] Uncaught PHP Exception CurrencyConverter\Exception\InvalidArgumentException: "Invalid currency provided. String or array expected." at /home/ruslana/public_html/vendor/ujjwal/currency-converter/src/CurrencyConverter.php line 148
[27-Sep-2016 09:36:44 UTC] Uncaught PHP Exception CurrencyConverter\Exception\InvalidArgumentException: "Invalid currency provided. String or array expected." at /home/ruslana/public_html/vendor/ujjwal/currency-converter/src/CurrencyConverter.php line 148
[27-Sep-2016 13:39:32 UTC] Uncaught PHP Exception Drupal\Component\Plugin\Exception\PluginException: "Plugin (blog_block) instance class "Drupal\develop\Plugin\Block\BlogBlock" does not exist." at /home/ruslana/public_html/core/lib/Drupal/Component/Plugin/Factory/DefaultFactory.php line 98
[27-Sep-2016 13:39:42 UTC] Uncaught PHP Exception Drupal\Component\Plugin\Exception\PluginException: "Plugin (blog_block) instance class "Drupal\develop\Plugin\Block\BlogBlock" does not exist." at /home/ruslana/public_html/core/lib/Drupal/Component/Plugin/Factory/DefaultFactory.php line 98
[27-Sep-2016 14:06:56 UTC] PHP Fatal error:  Class 'Drupal\develop\Libraries\Converter' not found in /home/ruslana/public_html/modules/custom/develop/src/Plugin/Block/CurrencyBlock.php on line 24
[27-Sep-2016 14:06:59 UTC] PHP Fatal error:  Class 'Drupal\develop\Libraries\Converter' not found in /home/ruslana/public_html/modules/custom/develop/src/Plugin/Block/CurrencyBlock.php on line 24
[27-Sep-2016 14:25:38 UTC] PHP Parse error:  syntax error, unexpected 'dump' (T_STRING) in /home/ruslana/public_html/modules/custom/develop/src/Controller/ApiController.php on line 195
[27-Sep-2016 18:32:37 UTC] Uncaught PHP Exception RuntimeException: "Failed to start the session because headers have already been sent by "/home/ruslana/public_html/vendor/symfony/var-dumper/Dumper/AbstractDumper.php" at line 162." at /home/ruslana/public_html/vendor/symfony/http-foundation/Session/Storage/NativeSessionStorage.php line 140
[27-Sep-2016 18:32:37 UTC] RuntimeException: Failed to start the session because headers have already been sent by "/home/ruslana/public_html/vendor/symfony/var-dumper/Dumper/AbstractDumper.php" at line 162. in /home/ruslana/public_html/vendor/symfony/http-foundation/Session/Storage/NativeSessionStorage.php on line 140
[27-Sep-2016 21:16:14 UTC] Uncaught PHP Exception Twig_Error_Syntax: "Unexpected token "operator" of value "=" ("end of statement block" expected) in "themes/sa_theme/cdn/templates/system/page-title.html.twig" at line 20." at /home/ruslana/public_html/vendor/twig/twig/lib/Twig/TokenStream.php line 87
[27-Sep-2016 21:16:16 UTC] Uncaught PHP Exception Twig_Error_Syntax: "Unexpected token "operator" of value "=" ("end of statement block" expected) in "themes/sa_theme/cdn/templates/system/page-title.html.twig" at line 20." at /home/ruslana/public_html/vendor/twig/twig/lib/Twig/TokenStream.php line 87
[27-Sep-2016 21:16:24 UTC] Uncaught PHP Exception Twig_Error_Syntax: "Unexpected token "operator" of value "=" ("end of statement block" expected) in "themes/sa_theme/cdn/templates/system/page-title.html.twig" at line 20." at /home/ruslana/public_html/vendor/twig/twig/lib/Twig/TokenStream.php line 87
[27-Sep-2016 21:16:36 UTC] Uncaught PHP Exception Twig_Error_Syntax: "Unexpected token "operator" of value "=" ("end of statement block" expected) in "themes/sa_theme/cdn/templates/system/page-title.html.twig" at line 20." at /home/ruslana/public_html/vendor/twig/twig/lib/Twig/TokenStream.php line 87
[27-Sep-2016 21:16:38 UTC] Uncaught PHP Exception Twig_Error_Syntax: "Unexpected token "operator" of value "=" ("end of statement block" expected) in "themes/sa_theme/cdn/templates/system/page-title.html.twig" at line 20." at /home/ruslana/public_html/vendor/twig/twig/lib/Twig/TokenStream.php line 87
[27-Sep-2016 21:36:00 UTC] Uncaught PHP Exception Twig_Error_Syntax: "Unexpected token "name" of value "Us" ("end of statement block" expected) in "themes/sa_theme/cdn/templates/system/page-title.html.twig" at line 19." at /home/ruslana/public_html/vendor/twig/twig/lib/Twig/TokenStream.php line 87
[28-Sep-2016 08:15:19 UTC] Uncaught PHP Exception RuntimeException: "Failed to start the session because headers have already been sent by "/home/ruslana/public_html/vendor/symfony/var-dumper/Dumper/AbstractDumper.php" at line 162." at /home/ruslana/public_html/vendor/symfony/http-foundation/Session/Storage/NativeSessionStorage.php line 140
[28-Sep-2016 08:15:19 UTC] RuntimeException: Failed to start the session because headers have already been sent by "/home/ruslana/public_html/vendor/symfony/var-dumper/Dumper/AbstractDumper.php" at line 162. in /home/ruslana/public_html/vendor/symfony/http-foundation/Session/Storage/NativeSessionStorage.php on line 140
[28-Sep-2016 08:28:02 UTC] Uncaught PHP Exception RuntimeException: "Failed to start the session because headers have already been sent by "/home/ruslana/public_html/vendor/symfony/var-dumper/Dumper/AbstractDumper.php" at line 162." at /home/ruslana/public_html/vendor/symfony/http-foundation/Session/Storage/NativeSessionStorage.php line 140
[28-Sep-2016 08:28:02 UTC] RuntimeException: Failed to start the session because headers have already been sent by "/home/ruslana/public_html/vendor/symfony/var-dumper/Dumper/AbstractDumper.php" at line 162. in /home/ruslana/public_html/vendor/symfony/http-foundation/Session/Storage/NativeSessionStorage.php on line 140
[28-Sep-2016 08:29:01 UTC] Uncaught PHP Exception RuntimeException: "Failed to start the session because headers have already been sent by "/home/ruslana/public_html/vendor/symfony/var-dumper/Dumper/AbstractDumper.php" at line 162." at /home/ruslana/public_html/vendor/symfony/http-foundation/Session/Storage/NativeSessionStorage.php line 140
[28-Sep-2016 08:29:01 UTC] RuntimeException: Failed to start the session because headers have already been sent by "/home/ruslana/public_html/vendor/symfony/var-dumper/Dumper/AbstractDumper.php" at line 162. in /home/ruslana/public_html/vendor/symfony/http-foundation/Session/Storage/NativeSessionStorage.php on line 140
[28-Sep-2016 08:31:43 UTC] Uncaught PHP Exception RuntimeException: "Failed to start the session because headers have already been sent by "/home/ruslana/public_html/vendor/symfony/var-dumper/Dumper/AbstractDumper.php" at line 162." at /home/ruslana/public_html/vendor/symfony/http-foundation/Session/Storage/NativeSessionStorage.php line 140
[28-Sep-2016 08:31:43 UTC] RuntimeException: Failed to start the session because headers have already been sent by "/home/ruslana/public_html/vendor/symfony/var-dumper/Dumper/AbstractDumper.php" at line 162. in /home/ruslana/public_html/vendor/symfony/http-foundation/Session/Storage/NativeSessionStorage.php on line 140
[28-Sep-2016 08:32:02 UTC] Uncaught PHP Exception RuntimeException: "Failed to start the session because headers have already been sent by "/home/ruslana/public_html/vendor/symfony/var-dumper/Dumper/AbstractDumper.php" at line 162." at /home/ruslana/public_html/vendor/symfony/http-foundation/Session/Storage/NativeSessionStorage.php line 140
[28-Sep-2016 08:32:02 UTC] RuntimeException: Failed to start the session because headers have already been sent by "/home/ruslana/public_html/vendor/symfony/var-dumper/Dumper/AbstractDumper.php" at line 162. in /home/ruslana/public_html/vendor/symfony/http-foundation/Session/Storage/NativeSessionStorage.php on line 140
[28-Sep-2016 08:44:38 UTC] PHP Parse error:  syntax error, unexpected 'en' (T_STRING) in /home/ruslana/public_html/modules/custom/lottery/src/Libraries/saMailer.php on line 44
[28-Sep-2016 08:54:03 UTC] Uncaught PHP Exception RuntimeException: "Failed to start the session because headers have already been sent by "/home/ruslana/public_html/vendor/symfony/var-dumper/Dumper/AbstractDumper.php" at line 162." at /home/ruslana/public_html/vendor/symfony/http-foundation/Session/Storage/NativeSessionStorage.php line 140
[28-Sep-2016 08:54:03 UTC] RuntimeException: Failed to start the session because headers have already been sent by "/home/ruslana/public_html/vendor/symfony/var-dumper/Dumper/AbstractDumper.php" at line 162. in /home/ruslana/public_html/vendor/symfony/http-foundation/Session/Storage/NativeSessionStorage.php on line 140
[28-Sep-2016 09:00:11 UTC] Uncaught PHP Exception RuntimeException: "Failed to start the session because headers have already been sent by "/home/ruslana/public_html/vendor/symfony/var-dumper/Dumper/AbstractDumper.php" at line 162." at /home/ruslana/public_html/vendor/symfony/http-foundation/Session/Storage/NativeSessionStorage.php line 140
[28-Sep-2016 09:00:11 UTC] RuntimeException: Failed to start the session because headers have already been sent by "/home/ruslana/public_html/vendor/symfony/var-dumper/Dumper/AbstractDumper.php" at line 162. in /home/ruslana/public_html/vendor/symfony/http-foundation/Session/Storage/NativeSessionStorage.php on line 140
[28-Sep-2016 09:02:40 UTC] Uncaught PHP Exception RuntimeException: "Failed to start the session because headers have already been sent by "/home/ruslana/public_html/vendor/symfony/var-dumper/Dumper/AbstractDumper.php" at line 162." at /home/ruslana/public_html/vendor/symfony/http-foundation/Session/Storage/NativeSessionStorage.php line 140
[28-Sep-2016 09:02:40 UTC] RuntimeException: Failed to start the session because headers have already been sent by "/home/ruslana/public_html/vendor/symfony/var-dumper/Dumper/AbstractDumper.php" at line 162. in /home/ruslana/public_html/vendor/symfony/http-foundation/Session/Storage/NativeSessionStorage.php on line 140
[28-Sep-2016 09:16:17 UTC] Uncaught PHP Exception RuntimeException: "Failed to start the session because headers have already been sent by "/home/ruslana/public_html/vendor/symfony/var-dumper/Dumper/AbstractDumper.php" at line 162." at /home/ruslana/public_html/vendor/symfony/http-foundation/Session/Storage/NativeSessionStorage.php line 140
[28-Sep-2016 09:16:17 UTC] RuntimeException: Failed to start the session because headers have already been sent by "/home/ruslana/public_html/vendor/symfony/var-dumper/Dumper/AbstractDumper.php" at line 162. in /home/ruslana/public_html/vendor/symfony/http-foundation/Session/Storage/NativeSessionStorage.php on line 140
[28-Sep-2016 09:40:27 UTC] PHP Parse error:  syntax error, unexpected 'en' (T_STRING) in /home/ruslana/public_html/modules/custom/lottery/src/Libraries/saMailer.php on line 44
[28-Sep-2016 09:41:55 UTC] PHP Parse error:  syntax error, unexpected 'en' (T_STRING) in /home/ruslana/public_html/modules/custom/lottery/src/Libraries/saMailer.php on line 44
[28-Sep-2016 09:43:29 UTC] PHP Parse error:  syntax error, unexpected 'en' (T_STRING) in /home/ruslana/public_html/modules/custom/lottery/src/Libraries/saMailer.php on line 44
[28-Sep-2016 09:45:16 UTC] PHP Parse error:  syntax error, unexpected 'en' (T_STRING) in /home/ruslana/public_html/modules/custom/lottery/src/Libraries/saMailer.php on line 44
[28-Sep-2016 09:51:41 UTC] Uncaught PHP Exception RuntimeException: "Failed to start the session because headers have already been sent by "/home/ruslana/public_html/vendor/symfony/var-dumper/Dumper/AbstractDumper.php" at line 162." at /home/ruslana/public_html/vendor/symfony/http-foundation/Session/Storage/NativeSessionStorage.php line 140
[28-Sep-2016 09:51:41 UTC] RuntimeException: Failed to start the session because headers have already been sent by "/home/ruslana/public_html/vendor/symfony/var-dumper/Dumper/AbstractDumper.php" at line 162. in /home/ruslana/public_html/vendor/symfony/http-foundation/Session/Storage/NativeSessionStorage.php on line 140
[28-Sep-2016 09:51:45 UTC] Uncaught PHP Exception RuntimeException: "Failed to start the session because headers have already been sent by "/home/ruslana/public_html/vendor/symfony/var-dumper/Dumper/AbstractDumper.php" at line 162." at /home/ruslana/public_html/vendor/symfony/http-foundation/Session/Storage/NativeSessionStorage.php line 140
[28-Sep-2016 09:51:45 UTC] RuntimeException: Failed to start the session because headers have already been sent by "/home/ruslana/public_html/vendor/symfony/var-dumper/Dumper/AbstractDumper.php" at line 162. in /home/ruslana/public_html/vendor/symfony/http-foundation/Session/Storage/NativeSessionStorage.php on line 140
[28-Sep-2016 09:52:41 UTC] Uncaught PHP Exception RuntimeException: "Failed to start the session because headers have already been sent by "/home/ruslana/public_html/vendor/symfony/var-dumper/Dumper/AbstractDumper.php" at line 162." at /home/ruslana/public_html/vendor/symfony/http-foundation/Session/Storage/NativeSessionStorage.php line 140
[28-Sep-2016 09:52:41 UTC] RuntimeException: Failed to start the session because headers have already been sent by "/home/ruslana/public_html/vendor/symfony/var-dumper/Dumper/AbstractDumper.php" at line 162. in /home/ruslana/public_html/vendor/symfony/http-foundation/Session/Storage/NativeSessionStorage.php on line 140
[28-Sep-2016 09:55:09 UTC] Uncaught PHP Exception RuntimeException: "Failed to start the session because headers have already been sent by "/home/ruslana/public_html/vendor/symfony/var-dumper/Dumper/AbstractDumper.php" at line 162." at /home/ruslana/public_html/vendor/symfony/http-foundation/Session/Storage/NativeSessionStorage.php line 140
[28-Sep-2016 09:55:09 UTC] RuntimeException: Failed to start the session because headers have already been sent by "/home/ruslana/public_html/vendor/symfony/var-dumper/Dumper/AbstractDumper.php" at line 162. in /home/ruslana/public_html/vendor/symfony/http-foundation/Session/Storage/NativeSessionStorage.php on line 140
[28-Sep-2016 09:56:37 UTC] Uncaught PHP Exception RuntimeException: "Failed to start the session because headers have already been sent by "/home/ruslana/public_html/vendor/symfony/var-dumper/Dumper/AbstractDumper.php" at line 162." at /home/ruslana/public_html/vendor/symfony/http-foundation/Session/Storage/NativeSessionStorage.php line 140
[28-Sep-2016 09:56:37 UTC] RuntimeException: Failed to start the session because headers have already been sent by "/home/ruslana/public_html/vendor/symfony/var-dumper/Dumper/AbstractDumper.php" at line 162. in /home/ruslana/public_html/vendor/symfony/http-foundation/Session/Storage/NativeSessionStorage.php on line 140
[28-Sep-2016 09:57:40 UTC] Uncaught PHP Exception RuntimeException: "Failed to start the session because headers have already been sent by "/home/ruslana/public_html/vendor/symfony/var-dumper/Dumper/AbstractDumper.php" at line 162." at /home/ruslana/public_html/vendor/symfony/http-foundation/Session/Storage/NativeSessionStorage.php line 140
[28-Sep-2016 09:57:40 UTC] RuntimeException: Failed to start the session because headers have already been sent by "/home/ruslana/public_html/vendor/symfony/var-dumper/Dumper/AbstractDumper.php" at line 162. in /home/ruslana/public_html/vendor/symfony/http-foundation/Session/Storage/NativeSessionStorage.php on line 140
[28-Sep-2016 10:03:53 UTC] Uncaught PHP Exception RuntimeException: "Failed to start the session because headers have already been sent by "/home/ruslana/public_html/vendor/symfony/var-dumper/Dumper/AbstractDumper.php" at line 162." at /home/ruslana/public_html/vendor/symfony/http-foundation/Session/Storage/NativeSessionStorage.php line 140
[28-Sep-2016 10:03:53 UTC] RuntimeException: Failed to start the session because headers have already been sent by "/home/ruslana/public_html/vendor/symfony/var-dumper/Dumper/AbstractDumper.php" at line 162. in /home/ruslana/public_html/vendor/symfony/http-foundation/Session/Storage/NativeSessionStorage.php on line 140
[28-Sep-2016 10:05:40 UTC] Uncaught PHP Exception RuntimeException: "Failed to start the session because headers have already been sent by "/home/ruslana/public_html/vendor/symfony/var-dumper/Dumper/AbstractDumper.php" at line 162." at /home/ruslana/public_html/vendor/symfony/http-foundation/Session/Storage/NativeSessionStorage.php line 140
[28-Sep-2016 10:05:40 UTC] RuntimeException: Failed to start the session because headers have already been sent by "/home/ruslana/public_html/vendor/symfony/var-dumper/Dumper/AbstractDumper.php" at line 162. in /home/ruslana/public_html/vendor/symfony/http-foundation/Session/Storage/NativeSessionStorage.php on line 140
[28-Sep-2016 10:08:21 UTC] Uncaught PHP Exception CurrencyConverter\Exception\InvalidArgumentException: "Invalid currency provided. String or array expected." at /home/ruslana/public_html/vendor/ujjwal/currency-converter/src/CurrencyConverter.php line 148
[28-Sep-2016 10:08:28 UTC] Uncaught PHP Exception CurrencyConverter\Exception\InvalidArgumentException: "Invalid currency provided. String or array expected." at /home/ruslana/public_html/vendor/ujjwal/currency-converter/src/CurrencyConverter.php line 148
[28-Sep-2016 10:28:48 UTC] PHP Parse error:  syntax error, unexpected 'en' (T_STRING) in /home/ruslana/public_html/modules/custom/lottery/src/Libraries/saMailer.php on line 102
[28-Sep-2016 10:29:07 UTC] PHP Parse error:  syntax error, unexpected 'en' (T_STRING) in /home/ruslana/public_html/modules/custom/lottery/src/Libraries/saMailer.php on line 102
[28-Sep-2016 10:29:13 UTC] PHP Parse error:  syntax error, unexpected 'en' (T_STRING) in /home/ruslana/public_html/modules/custom/lottery/src/Libraries/saMailer.php on line 102
[28-Sep-2016 10:30:16 UTC] PHP Parse error:  syntax error, unexpected 'en' (T_STRING) in /home/ruslana/public_html/modules/custom/lottery/src/Libraries/saMailer.php on line 102
[28-Sep-2016 10:32:27 UTC] PHP Parse error:  syntax error, unexpected 'en' (T_STRING) in /home/ruslana/public_html/modules/custom/lottery/src/Libraries/saMailer.php on line 102
[28-Sep-2016 10:33:56 UTC] PHP Parse error:  syntax error, unexpected 'en' (T_STRING) in /home/ruslana/public_html/modules/custom/lottery/src/Libraries/saMailer.php on line 102
[28-Sep-2016 10:43:54 UTC] PHP Parse error:  syntax error, unexpected 'en' (T_STRING) in /home/ruslana/public_html/modules/custom/lottery/src/Libraries/saMailer.php on line 102
[28-Sep-2016 10:46:24 UTC] Uncaught PHP Exception RuntimeException: "Failed to start the session because headers have already been sent by "/home/ruslana/public_html/vendor/symfony/var-dumper/Dumper/AbstractDumper.php" at line 162." at /home/ruslana/public_html/vendor/symfony/http-foundation/Session/Storage/NativeSessionStorage.php line 140
[28-Sep-2016 10:46:24 UTC] RuntimeException: Failed to start the session because headers have already been sent by "/home/ruslana/public_html/vendor/symfony/var-dumper/Dumper/AbstractDumper.php" at line 162. in /home/ruslana/public_html/vendor/symfony/http-foundation/Session/Storage/NativeSessionStorage.php on line 140
[28-Sep-2016 12:24:09 UTC] Uncaught PHP Exception RuntimeException: "Failed to start the session because headers have already been sent by "/home/ruslana/public_html/vendor/symfony/var-dumper/Dumper/AbstractDumper.php" at line 162." at /home/ruslana/public_html/vendor/symfony/http-foundation/Session/Storage/NativeSessionStorage.php line 140
[28-Sep-2016 12:24:09 UTC] RuntimeException: Failed to start the session because headers have already been sent by "/home/ruslana/public_html/vendor/symfony/var-dumper/Dumper/AbstractDumper.php" at line 162. in /home/ruslana/public_html/vendor/symfony/http-foundation/Session/Storage/NativeSessionStorage.php on line 140
[29-Sep-2016 09:26:07 UTC] PHP Fatal error:  Call to a member function get() on a non-object in /home/ruslana/public_html/modules/custom/lottery/src/Plugin/Block/PackageOpenerBlock.php on line 33
[29-Sep-2016 09:26:22 UTC] PHP Fatal error:  Call to a member function get() on a non-object in /home/ruslana/public_html/modules/custom/lottery/src/Plugin/Block/PackageOpenerBlock.php on line 33
[29-Sep-2016 09:28:42 UTC] PHP Fatal error:  Call to a member function get() on a non-object in /home/ruslana/public_html/modules/custom/lottery/src/Plugin/Block/PackageOpenerBlock.php on line 33
[29-Sep-2016 09:29:18 UTC] Uncaught PHP Exception Drupal\Core\Entity\Query\QueryException: "'status' not found" at /home/ruslana/public_html/core/lib/Drupal/Core/Entity/Query/Sql/Tables.php line 256
[29-Sep-2016 09:29:26 UTC] Uncaught PHP Exception Drupal\Core\Entity\Query\QueryException: "'status' not found" at /home/ruslana/public_html/core/lib/Drupal/Core/Entity/Query/Sql/Tables.php line 256
[29-Sep-2016 09:29:58 UTC] PHP Fatal error:  Call to a member function get() on a non-object in /home/ruslana/public_html/modules/custom/lottery/src/Plugin/Block/PackageOpenerBlock.php on line 33
[29-Sep-2016 09:53:07 UTC] PHP Fatal error:  Call to undefined method Drupal\lottery\Plugin\Block\PackageOpenerBlock::generate_puckage() in /home/ruslana/public_html/modules/custom/lottery/src/Plugin/Block/PackageOpenerBlock.php on line 34
[29-Sep-2016 10:08:13 UTC] PHP Parse error:  syntax error, unexpected ')' in /home/ruslana/public_html/modules/custom/lottery/src/Plugin/Block/PackageOpenerBlock.php on line 39
[29-Sep-2016 10:20:01 UTC] Uncaught PHP Exception Drupal\Core\Entity\Query\QueryException: "'tid' not found" at /home/ruslana/public_html/core/lib/Drupal/Core/Entity/Query/Sql/Tables.php line 256
[29-Sep-2016 10:52:04 UTC] PHP Fatal error:  Call to a member function id() on a non-object in /home/ruslana/public_html/modules/custom/lottery/src/Controller/LotteryController.php on line 64
[29-Sep-2016 10:52:59 UTC] PHP Fatal error:  Call to a member function id() on a non-object in /home/ruslana/public_html/modules/custom/lottery/src/Controller/LotteryController.php on line 64
[29-Sep-2016 10:53:42 UTC] PHP Fatal error:  Call to a member function id() on a non-object in /home/ruslana/public_html/modules/custom/lottery/src/Controller/LotteryController.php on line 64
[29-Sep-2016 10:53:47 UTC] PHP Fatal error:  Call to a member function id() on a non-object in /home/ruslana/public_html/modules/custom/lottery/src/Controller/LotteryController.php on line 64
[29-Sep-2016 11:01:07 UTC] PHP Fatal error:  Call to a member function id() on a non-object in /home/ruslana/public_html/modules/custom/lottery/src/Controller/LotteryController.php on line 64
[29-Sep-2016 11:29:29 UTC] PHP Fatal error:  Call to a member function id() on a non-object in /home/ruslana/public_html/modules/custom/lottery/src/Controller/LotteryController.php on line 64
[29-Sep-2016 11:31:00 UTC] PHP Fatal error:  Call to a member function id() on a non-object in /home/ruslana/public_html/modules/custom/lottery/src/Controller/LotteryController.php on line 64
[29-Sep-2016 11:43:16 UTC] PHP Parse error:  syntax error, unexpected 'private' (T_PRIVATE) in /home/ruslana/public_html/modules/custom/lottery/src/Controller/LotteryController.php on line 76
[29-Sep-2016 11:44:54 UTC] PHP Parse error:  syntax error, unexpected 'private' (T_PRIVATE) in /home/ruslana/public_html/modules/custom/lottery/src/Controller/LotteryController.php on line 76
[29-Sep-2016 11:46:31 UTC] PHP Fatal error:  Call to a member function id() on a non-object in /home/ruslana/public_html/modules/custom/lottery/src/Controller/LotteryController.php on line 64
[29-Sep-2016 11:48:37 UTC] PHP Fatal error:  Call to a member function id() on a non-object in /home/ruslana/public_html/modules/custom/lottery/src/Controller/LotteryController.php on line 64
[29-Sep-2016 11:48:41 UTC] PHP Fatal error:  Call to a member function id() on a non-object in /home/ruslana/public_html/modules/custom/lottery/src/Controller/LotteryController.php on line 64
[29-Sep-2016 11:48:43 UTC] PHP Fatal error:  Call to a member function id() on a non-object in /home/ruslana/public_html/modules/custom/lottery/src/Controller/LotteryController.php on line 64
[29-Sep-2016 11:48:44 UTC] PHP Fatal error:  Call to a member function id() on a non-object in /home/ruslana/public_html/modules/custom/lottery/src/Controller/LotteryController.php on line 64
[29-Sep-2016 11:48:44 UTC] PHP Fatal error:  Call to a member function id() on a non-object in /home/ruslana/public_html/modules/custom/lottery/src/Controller/LotteryController.php on line 64
[29-Sep-2016 11:48:44 UTC] PHP Fatal error:  Call to a member function id() on a non-object in /home/ruslana/public_html/modules/custom/lottery/src/Controller/LotteryController.php on line 64
[29-Sep-2016 11:50:51 UTC] PHP Fatal error:  Call to a member function id() on a non-object in /home/ruslana/public_html/modules/custom/lottery/src/Controller/LotteryController.php on line 64
[29-Sep-2016 12:26:47 UTC] PHP Parse error:  syntax error, unexpected ';' in /home/ruslana/public_html/modules/custom/lottery/src/Controller/LotteryController.php on line 59
[01-Oct-2016 12:57:34 UTC] Uncaught PHP Exception CurrencyConverter\Exception\InvalidArgumentException: "Invalid currency provided. String or array expected." at /home/ruslana/public_html/vendor/ujjwal/currency-converter/src/CurrencyConverter.php line 148
[01-Oct-2016 12:57:40 UTC] Uncaught PHP Exception CurrencyConverter\Exception\InvalidArgumentException: "Invalid currency provided. String or array expected." at /home/ruslana/public_html/vendor/ujjwal/currency-converter/src/CurrencyConverter.php line 148
[01-Oct-2016 13:46:08 UTC] Uncaught PHP Exception RuntimeException: "Failed to start the session because headers have already been sent by "/home/ruslana/public_html/vendor/symfony/var-dumper/Dumper/AbstractDumper.php" at line 162." at /home/ruslana/public_html/vendor/symfony/http-foundation/Session/Storage/NativeSessionStorage.php line 140
[01-Oct-2016 13:46:08 UTC] RuntimeException: Failed to start the session because headers have already been sent by "/home/ruslana/public_html/vendor/symfony/var-dumper/Dumper/AbstractDumper.php" at line 162. in /home/ruslana/public_html/vendor/symfony/http-foundation/Session/Storage/NativeSessionStorage.php on line 140
[01-Oct-2016 13:46:14 UTC] Uncaught PHP Exception RuntimeException: "Failed to start the session because headers have already been sent by "/home/ruslana/public_html/vendor/symfony/var-dumper/Dumper/AbstractDumper.php" at line 162." at /home/ruslana/public_html/vendor/symfony/http-foundation/Session/Storage/NativeSessionStorage.php line 140
[01-Oct-2016 13:46:14 UTC] RuntimeException: Failed to start the session because headers have already been sent by "/home/ruslana/public_html/vendor/symfony/var-dumper/Dumper/AbstractDumper.php" at line 162. in /home/ruslana/public_html/vendor/symfony/http-foundation/Session/Storage/NativeSessionStorage.php on line 140
[01-Oct-2016 13:46:40 UTC] Uncaught PHP Exception RuntimeException: "Failed to start the session because headers have already been sent by "/home/ruslana/public_html/vendor/symfony/var-dumper/Dumper/AbstractDumper.php" at line 162." at /home/ruslana/public_html/vendor/symfony/http-foundation/Session/Storage/NativeSessionStorage.php line 140
[01-Oct-2016 13:46:40 UTC] RuntimeException: Failed to start the session because headers have already been sent by "/home/ruslana/public_html/vendor/symfony/var-dumper/Dumper/AbstractDumper.php" at line 162. in /home/ruslana/public_html/vendor/symfony/http-foundation/Session/Storage/NativeSessionStorage.php on line 140
[01-Oct-2016 13:51:03 UTC] Uncaught PHP Exception CurrencyConverter\Exception\InvalidArgumentException: "Invalid currency provided. String or array expected." at /home/ruslana/public_html/vendor/ujjwal/currency-converter/src/CurrencyConverter.php line 148
[01-Oct-2016 13:51:03 UTC] RuntimeException: Failed to start the session because headers have already been sent by "/home/ruslana/public_html/vendor/symfony/var-dumper/Dumper/AbstractDumper.php" at line 162. in /home/ruslana/public_html/vendor/symfony/http-foundation/Session/Storage/NativeSessionStorage.php on line 140
[01-Oct-2016 13:52:46 UTC] Uncaught PHP Exception RuntimeException: "Failed to start the session because headers have already been sent by "/home/ruslana/public_html/vendor/symfony/var-dumper/Dumper/AbstractDumper.php" at line 162." at /home/ruslana/public_html/vendor/symfony/http-foundation/Session/Storage/NativeSessionStorage.php line 140
[01-Oct-2016 13:52:46 UTC] RuntimeException: Failed to start the session because headers have already been sent by "/home/ruslana/public_html/vendor/symfony/var-dumper/Dumper/AbstractDumper.php" at line 162. in /home/ruslana/public_html/vendor/symfony/http-foundation/Session/Storage/NativeSessionStorage.php on line 140
[01-Oct-2016 13:54:51 UTC] Uncaught PHP Exception RuntimeException: "Failed to start the session because headers have already been sent by "/home/ruslana/public_html/vendor/symfony/var-dumper/Dumper/AbstractDumper.php" at line 162." at /home/ruslana/public_html/vendor/symfony/http-foundation/Session/Storage/NativeSessionStorage.php line 140
[01-Oct-2016 13:54:51 UTC] RuntimeException: Failed to start the session because headers have already been sent by "/home/ruslana/public_html/vendor/symfony/var-dumper/Dumper/AbstractDumper.php" at line 162. in /home/ruslana/public_html/vendor/symfony/http-foundation/Session/Storage/NativeSessionStorage.php on line 140
[01-Oct-2016 13:54:52 UTC] Uncaught PHP Exception RuntimeException: "Failed to start the session because headers have already been sent by "/home/ruslana/public_html/vendor/symfony/var-dumper/Dumper/AbstractDumper.php" at line 162." at /home/ruslana/public_html/vendor/symfony/http-foundation/Session/Storage/NativeSessionStorage.php line 140
[01-Oct-2016 13:54:52 UTC] RuntimeException: Failed to start the session because headers have already been sent by "/home/ruslana/public_html/vendor/symfony/var-dumper/Dumper/AbstractDumper.php" at line 162. in /home/ruslana/public_html/vendor/symfony/http-foundation/Session/Storage/NativeSessionStorage.php on line 140
[01-Oct-2016 13:56:40 UTC] Uncaught PHP Exception CurrencyConverter\Exception\InvalidArgumentException: "Invalid currency provided. String or array expected." at /home/ruslana/public_html/vendor/ujjwal/currency-converter/src/CurrencyConverter.php line 148
[01-Oct-2016 14:06:57 UTC] Uncaught PHP Exception CurrencyConverter\Exception\InvalidArgumentException: "Invalid currency provided. String or array expected." at /home/ruslana/public_html/vendor/ujjwal/currency-converter/src/CurrencyConverter.php line 148
[02-Oct-2016 22:37:43 UTC] Uncaught PHP Exception CurrencyConverter\Exception\InvalidArgumentException: "Invalid currency provided. String or array expected." at /home/ruslana/public_html/vendor/ujjwal/currency-converter/src/CurrencyConverter.php line 148
[03-Oct-2016 05:23:18 America/New_York] Drupal\Core\Database\DatabaseExceptionWrapper: SQLSTATE[42S02]: Base table or view not found: 1146 Table 'ruslana_rscheapgold.sessions' doesn't exist: SELECT session FROM {sessions} WHERE sid = :sid LIMIT 0, 1; Array
(
    [:sid] => dRMXIModm3U-SyEbqFGo4MCJtErdOsrQTcQaArYCKB0
)
 in /home/ruslana/public_html/core/lib/Drupal/Core/Session/SessionHandler.php on line 61
[03-Oct-2016 09:37:17 UTC] Failed to log error: Drupal\Core\Database\DatabaseExceptionWrapper: SQLSTATE[42S02]: Base table or view not found: 1146 Table 'ruslana_rscheapgold.watchdog' doesn't exist: INSERT INTO {watchdog} (uid, type, message, variables, severity, link, location, referer, hostname, timestamp) VALUES (:db_insert_placeholder_0, :db_insert_placeholder_1, :db_insert_placeholder_2, :db_insert_placeholder_3, :db_insert_placeholder_4, :db_insert_placeholder_5, :db_insert_placeholder_6, :db_insert_placeholder_7, :db_insert_placeholder_8, :db_insert_placeholder_9); Array
(
    [:db_insert_placeholder_0] => 0
    [:db_insert_placeholder_1] => php
    [:db_insert_placeholder_2] => %type: @message in %function (line %line of %file).
    [:db_insert_placeholder_3] => a:5:{s:5:"%type";s:45:"Drupal\Core\Database\DatabaseExceptionWrapper";s:8:"@message";s:661:"SQLSTATE[42S02]: Base table or view not found: 1146 Table 'ruslana_rscheapgold.taxonomy_term_data' doesn't exist: SELECT base_table.tid AS tid, base_table.tid AS base_table_tid, taxonomy_term_field_data_2.weight AS weight
FROM 
{taxonomy_term_data} base_table
INNER JOIN {taxonomy_term_field_data} taxonomy_term_field_data ON taxonomy_term_field_data.tid = base_table.tid
LEFT JOIN {taxonomy_term_field_data} taxonomy_term_field_data_2 ON taxonomy_term_field_data_2.tid = base_table.tid
WHERE  (taxonomy_term_field_data.vid = :db_condition_placeholder_0) 
ORDER BY taxonomy_term_field_data_2.weight ASC; Array
(
    [:db_condition_placeholder_0] => available
)
";s:9:"%function";s:65:"Drupal\develop\Libraries\Converter->get_available_currency_menu()";s:5:"%file";s:76:"/home/ruslana/public_html/modules/custom/develop/src/Libraries/Converter.php";s:5:"%line";i:92;}
    [:db_insert_placeholder_4] => 3
    [:db_insert_placeholder_5] => 
    [:db_insert_placeholder_6] => http://216.119.142.170/
    [:db_insert_placeholder_7] => 
    [:db_insert_placeholder_8] => 216.119.143.6
    [:db_insert_placeholder_9] => 1475487437
)
 in Drupal\dblog\Logger\DbLog->log() (line 79 of /home/ruslana/public_html/core/modules/dblog/src/Logger/DbLog.php).
[03-Oct-2016 09:37:17 UTC] Drupal\Core\Database\DatabaseExceptionWrapper: SQLSTATE[42S02]: Base table or view not found: 1146 Table 'ruslana_rscheapgold.watchdog' doesn't exist: INSERT INTO {watchdog} (uid, type, message, variables, severity, link, location, referer, hostname, timestamp) VALUES (:db_insert_placeholder_0, :db_insert_placeholder_1, :db_insert_placeholder_2, :db_insert_placeholder_3, :db_insert_placeholder_4, :db_insert_placeholder_5, :db_insert_placeholder_6, :db_insert_placeholder_7, :db_insert_placeholder_8, :db_insert_placeholder_9); Array
(
    [:db_insert_placeholder_0] => 0
    [:db_insert_placeholder_1] => php
    [:db_insert_placeholder_2] => %type: @message in %function (line %line of %file).
    [:db_insert_placeholder_3] => a:5:{s:5:"%type";s:45:"Drupal\Core\Database\DatabaseExceptionWrapper";s:8:"@message";s:661:"SQLSTATE[42S02]: Base table or view not found: 1146 Table 'ruslana_rscheapgold.taxonomy_term_data' doesn't exist: SELECT base_table.tid AS tid, base_table.tid AS base_table_tid, taxonomy_term_field_data_2.weight AS weight
FROM 
{taxonomy_term_data} base_table
INNER JOIN {taxonomy_term_field_data} taxonomy_term_field_data ON taxonomy_term_field_data.tid = base_table.tid
LEFT JOIN {taxonomy_term_field_data} taxonomy_term_field_data_2 ON taxonomy_term_field_data_2.tid = base_table.tid
WHERE  (taxonomy_term_field_data.vid = :db_condition_placeholder_0) 
ORDER BY taxonomy_term_field_data_2.weight ASC; Array
(
    [:db_condition_placeholder_0] => available
)
";s:9:"%function";s:65:"Drupal\develop\Libraries\Converter->get_available_currency_menu()";s:5:"%file";s:76:"/home/ruslana/public_html/modules/custom/develop/src/Libraries/Converter.php";s:5:"%line";i:92;}
    [:db_insert_placeholder_4] => 3
    [:db_insert_placeholder_5] => 
    [:db_insert_placeholder_6] => http://216.119.142.170/
    [:db_insert_placeholder_7] => 
    [:db_insert_placeholder_8] => 216.119.143.6
    [:db_insert_placeholder_9] => 1475487437
)
 in /home/ruslana/public_html/core/modules/dblog/src/Logger/DbLog.php on line 79
[03-Oct-2016 11:24:01 UTC] PHP Fatal error:  Unsupported operand types in /home/ruslana/public_html/vendor/twig/twig/lib/Twig/Environment.php(403) : eval()'d code on line 44
[03-Oct-2016 11:25:06 UTC] PHP Fatal error:  Unsupported operand types in /home/ruslana/public_html/vendor/twig/twig/lib/Twig/Environment.php(403) : eval()'d code on line 44
[03-Oct-2016 11:26:58 UTC] PHP Fatal error:  Unsupported operand types in /home/ruslana/public_html/vendor/twig/twig/lib/Twig/Environment.php(403) : eval()'d code on line 44
[03-Oct-2016 11:28:11 UTC] PHP Fatal error:  Unsupported operand types in /home/ruslana/public_html/vendor/twig/twig/lib/Twig/Environment.php(403) : eval()'d code on line 44
[03-Oct-2016 11:32:17 UTC] Uncaught PHP Exception Twig_Error_Syntax: "An array element must be followed by a comma. Unexpected token "name" of value "logged_in" ("punctuation" expected with value ",") in "themes/sa_theme/cdn/templates/system/html.html.twig" at line 50." at /home/ruslana/public_html/vendor/twig/twig/lib/Twig/TokenStream.php line 87
[03-Oct-2016 11:32:22 UTC] Uncaught PHP Exception Twig_Error_Syntax: "An array element must be followed by a comma. Unexpected token "name" of value "logged_in" ("punctuation" expected with value ",") in "themes/sa_theme/cdn/templates/system/html.html.twig" at line 50." at /home/ruslana/public_html/vendor/twig/twig/lib/Twig/TokenStream.php line 87
[03-Oct-2016 11:49:48 UTC] PHP Fatal error:  Call to undefined function Drupal\lottery\arg() in /home/ruslana/public_html/modules/custom/lottery/src/PrizeKeysHtmlRouteProvider.php on line 113
[03-Oct-2016 11:50:40 UTC] PHP Fatal error:  Call to undefined function Drupal\lottery\arg() in /home/ruslana/public_html/modules/custom/lottery/src/PrizeKeysHtmlRouteProvider.php on line 113
[03-Oct-2016 11:51:29 UTC] PHP Parse error:  syntax error, unexpected '&&' (T_BOOLEAN_AND) in /home/ruslana/public_html/modules/custom/lottery/src/PrizeKeysHtmlRouteProvider.php on line 113
[03-Oct-2016 11:51:54 UTC] Uncaught PHP Exception Symfony\Component\Routing\Exception\RouteNotFoundException: "Route "prize_keys.settings" does not exist." at /home/ruslana/public_html/core/lib/Drupal/Core/Routing/RouteProvider.php line 186
[03-Oct-2016 11:52:01 UTC] Uncaught PHP Exception Symfony\Component\Routing\Exception\RouteNotFoundException: "Route "prize_keys.settings" does not exist." at /home/ruslana/public_html/core/lib/Drupal/Core/Routing/RouteProvider.php line 186
[03-Oct-2016 11:52:28 UTC] Uncaught PHP Exception Symfony\Component\Routing\Exception\RouteNotFoundException: "Route "prize_keys.settings" does not exist." at /home/ruslana/public_html/core/lib/Drupal/Core/Routing/RouteProvider.php line 186
[03-Oct-2016 11:53:07 UTC] Uncaught PHP Exception Symfony\Component\Routing\Exception\RouteNotFoundException: "Route "prize_keys.settings" does not exist." at /home/ruslana/public_html/core/lib/Drupal/Core/Routing/RouteProvider.php line 186
[03-Oct-2016 11:53:10 UTC] Uncaught PHP Exception Symfony\Component\Routing\Exception\RouteNotFoundException: "Route "prize_keys.settings" does not exist." at /home/ruslana/public_html/core/lib/Drupal/Core/Routing/RouteProvider.php line 186
[03-Oct-2016 11:53:44 UTC] Uncaught PHP Exception Symfony\Component\Routing\Exception\RouteNotFoundException: "Route "prize_keys.settings" does not exist." at /home/ruslana/public_html/core/lib/Drupal/Core/Routing/RouteProvider.php line 186
[03-Oct-2016 11:53:46 UTC] Uncaught PHP Exception Symfony\Component\Routing\Exception\RouteNotFoundException: "Route "prize_keys.settings" does not exist." at /home/ruslana/public_html/core/lib/Drupal/Core/Routing/RouteProvider.php line 186
[03-Oct-2016 11:53:52 UTC] Uncaught PHP Exception Symfony\Component\Routing\Exception\RouteNotFoundException: "Route "prize_keys.settings" does not exist." at /home/ruslana/public_html/core/lib/Drupal/Core/Routing/RouteProvider.php line 186
[03-Oct-2016 11:54:07 UTC] Uncaught PHP Exception Symfony\Component\Routing\Exception\RouteNotFoundException: "Route "prize_keys.settings" does not exist." at /home/ruslana/public_html/core/lib/Drupal/Core/Routing/RouteProvider.php line 186
[03-Oct-2016 11:54:12 UTC] Uncaught PHP Exception Symfony\Component\Routing\Exception\RouteNotFoundException: "Route "prize_keys.settings" does not exist." at /home/ruslana/public_html/core/lib/Drupal/Core/Routing/RouteProvider.php line 186
[03-Oct-2016 11:54:34 UTC] Uncaught PHP Exception Symfony\Component\Routing\Exception\RouteNotFoundException: "Route "prize_keys.settings" does not exist." at /home/ruslana/public_html/core/lib/Drupal/Core/Routing/RouteProvider.php line 186
[03-Oct-2016 11:54:44 UTC] Uncaught PHP Exception Symfony\Component\Routing\Exception\RouteNotFoundException: "Route "prize_keys.settings" does not exist." at /home/ruslana/public_html/core/lib/Drupal/Core/Routing/RouteProvider.php line 186
[03-Oct-2016 11:55:19 UTC] Uncaught PHP Exception Symfony\Component\Routing\Exception\RouteNotFoundException: "Route "prize_keys.settings" does not exist." at /home/ruslana/public_html/core/lib/Drupal/Core/Routing/RouteProvider.php line 186
[03-Oct-2016 11:55:50 UTC] Uncaught PHP Exception Symfony\Component\Routing\Exception\RouteNotFoundException: "Route "prize_keys.settings" does not exist." at /home/ruslana/public_html/core/lib/Drupal/Core/Routing/RouteProvider.php line 186
[03-Oct-2016 11:57:24 UTC] Uncaught PHP Exception Symfony\Component\Routing\Exception\RouteNotFoundException: "Route "prize_keys.settings" does not exist." at /home/ruslana/public_html/core/lib/Drupal/Core/Routing/RouteProvider.php line 186
[03-Oct-2016 11:57:29 UTC] Uncaught PHP Exception Symfony\Component\Routing\Exception\RouteNotFoundException: "Route "prize_keys.settings" does not exist." at /home/ruslana/public_html/core/lib/Drupal/Core/Routing/RouteProvider.php line 186
[03-Oct-2016 11:58:20 UTC] Uncaught PHP Exception Symfony\Component\Routing\Exception\RouteNotFoundException: "Route "prize_keys.settings" does not exist." at /home/ruslana/public_html/core/lib/Drupal/Core/Routing/RouteProvider.php line 186
[03-Oct-2016 11:59:12 UTC] Uncaught PHP Exception Symfony\Component\Routing\Exception\RouteNotFoundException: "Route "prize_keys.settings" does not exist." at /home/ruslana/public_html/core/lib/Drupal/Core/Routing/RouteProvider.php line 186
[03-Oct-2016 11:59:14 UTC] Uncaught PHP Exception Symfony\Component\Routing\Exception\RouteNotFoundException: "Route "prize_keys.settings" does not exist." at /home/ruslana/public_html/core/lib/Drupal/Core/Routing/RouteProvider.php line 186
[03-Oct-2016 12:00:42 UTC] Uncaught PHP Exception Symfony\Component\Routing\Exception\RouteNotFoundException: "Route "prize_keys.settings" does not exist." at /home/ruslana/public_html/core/lib/Drupal/Core/Routing/RouteProvider.php line 186
[03-Oct-2016 08:02:26 America/New_York] PHP Fatal error:  Class 'Drupal\Core\Routing\RouteProvider' not found in /home/ruslana/public_html/core/lib/Drupal/Component/DependencyInjection/Container.php on line 288
[03-Oct-2016 12:02:38 UTC] Uncaught PHP Exception Symfony\Component\Routing\Exception\RouteNotFoundException: "Route "prize_keys.settings" does not exist." at /home/ruslana/public_html/core/lib/Drupal/Core/Routing/RouteProvider.php line 186
[04-Oct-2016 14:56:48 UTC] Uncaught PHP Exception Symfony\Component\HttpKernel\Exception\HttpException: "The specified #ajax callback is empty or not callable." at /home/ruslana/public_html/core/lib/Drupal/Core/Form/FormAjaxResponseBuilder.php line 67
[04-Oct-2016 14:57:01 UTC] Uncaught PHP Exception Symfony\Component\HttpKernel\Exception\HttpException: "The specified #ajax callback is empty or not callable." at /home/ruslana/public_html/core/lib/Drupal/Core/Form/FormAjaxResponseBuilder.php line 67
[04-Oct-2016 14:58:50 UTC] Uncaught PHP Exception Symfony\Component\HttpKernel\Exception\HttpException: "The specified #ajax callback is empty or not callable." at /home/ruslana/public_html/core/lib/Drupal/Core/Form/FormAjaxResponseBuilder.php line 67
[04-Oct-2016 14:58:56 UTC] Uncaught PHP Exception Symfony\Component\HttpKernel\Exception\HttpException: "The specified #ajax callback is empty or not callable." at /home/ruslana/public_html/core/lib/Drupal/Core/Form/FormAjaxResponseBuilder.php line 67
[04-Oct-2016 14:59:06 UTC] Uncaught PHP Exception Symfony\Component\HttpKernel\Exception\HttpException: "The specified #ajax callback is empty or not callable." at /home/ruslana/public_html/core/lib/Drupal/Core/Form/FormAjaxResponseBuilder.php line 67
[04-Oct-2016 14:59:09 UTC] Uncaught PHP Exception Symfony\Component\HttpKernel\Exception\HttpException: "The specified #ajax callback is empty or not callable." at /home/ruslana/public_html/core/lib/Drupal/Core/Form/FormAjaxResponseBuilder.php line 67
[04-Oct-2016 14:59:17 UTC] Uncaught PHP Exception Symfony\Component\HttpKernel\Exception\HttpException: "The specified #ajax callback is empty or not callable." at /home/ruslana/public_html/core/lib/Drupal/Core/Form/FormAjaxResponseBuilder.php line 67
[04-Oct-2016 14:59:21 UTC] Uncaught PHP Exception Symfony\Component\HttpKernel\Exception\HttpException: "The specified #ajax callback is empty or not callable." at /home/ruslana/public_html/core/lib/Drupal/Core/Form/FormAjaxResponseBuilder.php line 67
[05-Oct-2016 08:40:55 UTC] PHP Fatal error:  Call to undefined function Drupal\develop\Form\form_set_error() in /home/ruslana/public_html/modules/custom/develop/src/Form/FeedbackForm.php on line 87
[05-Oct-2016 09:20:37 UTC] Uncaught PHP Exception Symfony\Component\HttpKernel\Exception\HttpException: "The specified #ajax callback is empty or not callable." at /home/ruslana/public_html/core/lib/Drupal/Core/Form/FormAjaxResponseBuilder.php line 67
[05-Oct-2016 09:20:44 UTC] Uncaught PHP Exception Symfony\Component\HttpKernel\Exception\HttpException: "The specified #ajax callback is empty or not callable." at /home/ruslana/public_html/core/lib/Drupal/Core/Form/FormAjaxResponseBuilder.php line 67
[05-Oct-2016 09:21:53 UTC] Uncaught PHP Exception Symfony\Component\HttpKernel\Exception\HttpException: "The specified #ajax callback is empty or not callable." at /home/ruslana/public_html/core/lib/Drupal/Core/Form/FormAjaxResponseBuilder.php line 67
[05-Oct-2016 09:31:48 UTC] PHP Fatal error:  Call to undefined function Drupal\develop\Form\dpm() in /home/ruslana/public_html/modules/custom/develop/src/Form/FeedbackForm.php on line 93
[05-Oct-2016 09:32:04 UTC] PHP Fatal error:  Call to undefined function Drupal\develop\Form\dpm() in /home/ruslana/public_html/modules/custom/develop/src/Form/FeedbackForm.php on line 93
[05-Oct-2016 09:54:19 UTC] PHP Fatal error:  Call to undefined function dpm() in /home/ruslana/public_html/modules/custom/develop/develop.module on line 97
[05-Oct-2016 06:22:27 America/New_York] PHP Parse error:  syntax error, unexpected '}' in /home/ruslana/public_html/modules/custom/develop/develop.module on line 98
[05-Oct-2016 14:34:13 UTC] Uncaught PHP Exception CurrencyConverter\Exception\InvalidArgumentException: "Invalid currency provided. String or array expected." at /home/ruslana/public_html/vendor/ujjwal/currency-converter/src/CurrencyConverter.php line 148
[05-Oct-2016 14:34:25 UTC] Uncaught PHP Exception CurrencyConverter\Exception\InvalidArgumentException: "Invalid currency provided. String or array expected." at /home/ruslana/public_html/vendor/ujjwal/currency-converter/src/CurrencyConverter.php line 148
[05-Oct-2016 14:38:15 UTC] Uncaught PHP Exception CurrencyConverter\Exception\InvalidArgumentException: "Invalid currency provided. String or array expected." at /home/ruslana/public_html/vendor/ujjwal/currency-converter/src/CurrencyConverter.php line 148
[06-Oct-2016 05:55:35 UTC] PHP Parse error:  syntax error, unexpected ']', expecting ')' in /home/ruslana/public_html/modules/custom/develop/src/Form/FeedbackForm.php on line 43
[06-Oct-2016 08:10:01 UTC] Uncaught PHP Exception LogicException: "The render array has not yet been rendered, hence not all attachments have been collected yet." at /home/ruslana/public_html/core/lib/Drupal/Core/Asset/AttachedAssets.php line 36
[06-Oct-2016 08:10:17 UTC] Uncaught PHP Exception LogicException: "The render array has not yet been rendered, hence not all attachments have been collected yet." at /home/ruslana/public_html/core/lib/Drupal/Core/Asset/AttachedAssets.php line 36
[06-Oct-2016 08:15:47 UTC] PHP Fatal error:  Class 'Drupal\develop\Form\AjaxResponse' not found in /home/ruslana/public_html/modules/custom/develop/src/Form/FeedbackForm.php on line 96
[06-Oct-2016 08:16:58 UTC] PHP Fatal error:  Class 'Drupal\develop\Form\AjaxResponse' not found in /home/ruslana/public_html/modules/custom/develop/src/Form/FeedbackForm.php on line 97
[06-Oct-2016 08:18:42 UTC] PHP Fatal error:  Class 'Drupal\develop\Form\ReplaceCommand' not found in /home/ruslana/public_html/modules/custom/develop/src/Form/FeedbackForm.php on line 100
[06-Oct-2016 08:38:15 UTC] PHP Fatal error:  Cannot use object of type Drupal\Core\Form\FormState as array in /home/ruslana/public_html/modules/custom/develop/src/Form/FeedbackForm.php on line 96
[06-Oct-2016 09:31:29 UTC] Uncaught PHP Exception Symfony\Component\HttpKernel\Exception\HttpException: "The specified #ajax callback is empty or not callable." at /home/ruslana/public_html/core/lib/Drupal/Core/Form/FormAjaxResponseBuilder.php line 67
[06-Oct-2016 09:32:04 UTC] Uncaught PHP Exception Symfony\Component\HttpKernel\Exception\HttpException: "The specified #ajax callback is empty or not callable." at /home/ruslana/public_html/core/lib/Drupal/Core/Form/FormAjaxResponseBuilder.php line 67
[06-Oct-2016 09:32:43 UTC] Uncaught PHP Exception Symfony\Component\HttpKernel\Exception\HttpException: "The specified #ajax callback is empty or not callable." at /home/ruslana/public_html/core/lib/Drupal/Core/Form/FormAjaxResponseBuilder.php line 67
[06-Oct-2016 09:36:05 UTC] Uncaught PHP Exception Symfony\Component\HttpKernel\Exception\HttpException: "The specified #ajax callback is empty or not callable." at /home/ruslana/public_html/core/lib/Drupal/Core/Form/FormAjaxResponseBuilder.php line 67
[06-Oct-2016 09:43:36 UTC] Uncaught PHP Exception Symfony\Component\HttpKernel\Exception\HttpException: "The specified #ajax callback is empty or not callable." at /home/ruslana/public_html/core/lib/Drupal/Core/Form/FormAjaxResponseBuilder.php line 67
[06-Oct-2016 09:43:56 UTC] Uncaught PHP Exception Symfony\Component\HttpKernel\Exception\HttpException: "The specified #ajax callback is empty or not callable." at /home/ruslana/public_html/core/lib/Drupal/Core/Form/FormAjaxResponseBuilder.php line 67
[06-Oct-2016 09:46:34 UTC] Uncaught PHP Exception Symfony\Component\HttpKernel\Exception\HttpException: "The specified #ajax callback is empty or not callable." at /home/ruslana/public_html/core/lib/Drupal/Core/Form/FormAjaxResponseBuilder.php line 67
[06-Oct-2016 09:47:43 UTC] Uncaught PHP Exception Symfony\Component\HttpKernel\Exception\HttpException: "The specified #ajax callback is empty or not callable." at /home/ruslana/public_html/core/lib/Drupal/Core/Form/FormAjaxResponseBuilder.php line 67
[06-Oct-2016 09:48:15 UTC] Uncaught PHP Exception Symfony\Component\HttpKernel\Exception\HttpException: "The specified #ajax callback is empty or not callable." at /home/ruslana/public_html/core/lib/Drupal/Core/Form/FormAjaxResponseBuilder.php line 67
[06-Oct-2016 09:49:06 UTC] Uncaught PHP Exception Symfony\Component\HttpKernel\Exception\HttpException: "The specified #ajax callback is empty or not callable." at /home/ruslana/public_html/core/lib/Drupal/Core/Form/FormAjaxResponseBuilder.php line 67
[06-Oct-2016 09:49:19 UTC] Uncaught PHP Exception Symfony\Component\HttpKernel\Exception\HttpException: "The specified #ajax callback is empty or not callable." at /home/ruslana/public_html/core/lib/Drupal/Core/Form/FormAjaxResponseBuilder.php line 67
[06-Oct-2016 09:50:05 UTC] Uncaught PHP Exception Symfony\Component\HttpKernel\Exception\HttpException: "The specified #ajax callback is empty or not callable." at /home/ruslana/public_html/core/lib/Drupal/Core/Form/FormAjaxResponseBuilder.php line 67
[06-Oct-2016 09:50:15 UTC] Uncaught PHP Exception Symfony\Component\HttpKernel\Exception\HttpException: "The specified #ajax callback is empty or not callable." at /home/ruslana/public_html/core/lib/Drupal/Core/Form/FormAjaxResponseBuilder.php line 67
[06-Oct-2016 09:50:27 UTC] Uncaught PHP Exception Symfony\Component\HttpKernel\Exception\HttpException: "The specified #ajax callback is empty or not callable." at /home/ruslana/public_html/core/lib/Drupal/Core/Form/FormAjaxResponseBuilder.php line 67
[06-Oct-2016 09:52:41 UTC] Uncaught PHP Exception Symfony\Component\HttpKernel\Exception\HttpException: "The specified #ajax callback is empty or not callable." at /home/ruslana/public_html/core/lib/Drupal/Core/Form/FormAjaxResponseBuilder.php line 67
[06-Oct-2016 09:53:34 UTC] Uncaught PHP Exception Symfony\Component\HttpKernel\Exception\HttpException: "The specified #ajax callback is empty or not callable." at /home/ruslana/public_html/core/lib/Drupal/Core/Form/FormAjaxResponseBuilder.php line 67
[06-Oct-2016 09:56:29 UTC] Uncaught PHP Exception Symfony\Component\HttpKernel\Exception\HttpException: "The specified #ajax callback is empty or not callable." at /home/ruslana/public_html/core/lib/Drupal/Core/Form/FormAjaxResponseBuilder.php line 67
[06-Oct-2016 09:56:34 UTC] Uncaught PHP Exception Symfony\Component\HttpKernel\Exception\HttpException: "The specified #ajax callback is empty or not callable." at /home/ruslana/public_html/core/lib/Drupal/Core/Form/FormAjaxResponseBuilder.php line 67
[06-Oct-2016 09:56:39 UTC] Uncaught PHP Exception Symfony\Component\HttpKernel\Exception\HttpException: "The specified #ajax callback is empty or not callable." at /home/ruslana/public_html/core/lib/Drupal/Core/Form/FormAjaxResponseBuilder.php line 67
[06-Oct-2016 10:16:40 UTC] Uncaught PHP Exception Symfony\Component\HttpKernel\Exception\HttpException: "The specified #ajax callback is empty or not callable." at /home/ruslana/public_html/core/lib/Drupal/Core/Form/FormAjaxResponseBuilder.php line 67
[06-Oct-2016 10:16:47 UTC] Uncaught PHP Exception Symfony\Component\HttpKernel\Exception\HttpException: "The specified #ajax callback is empty or not callable." at /home/ruslana/public_html/core/lib/Drupal/Core/Form/FormAjaxResponseBuilder.php line 67
[06-Oct-2016 10:16:50 UTC] Uncaught PHP Exception Symfony\Component\HttpKernel\Exception\HttpException: "The specified #ajax callback is empty or not callable." at /home/ruslana/public_html/core/lib/Drupal/Core/Form/FormAjaxResponseBuilder.php line 67
[06-Oct-2016 10:40:50 UTC] Uncaught PHP Exception Symfony\Component\HttpKernel\Exception\HttpException: "The specified #ajax callback is empty or not callable." at /home/ruslana/public_html/core/lib/Drupal/Core/Form/FormAjaxResponseBuilder.php line 67
[06-Oct-2016 10:42:08 UTC] Uncaught PHP Exception Symfony\Component\HttpKernel\Exception\HttpException: "The specified #ajax callback is empty or not callable." at /home/ruslana/public_html/core/lib/Drupal/Core/Form/FormAjaxResponseBuilder.php line 67
[06-Oct-2016 10:42:30 UTC] Uncaught PHP Exception Symfony\Component\HttpKernel\Exception\HttpException: "The specified #ajax callback is empty or not callable." at /home/ruslana/public_html/core/lib/Drupal/Core/Form/FormAjaxResponseBuilder.php line 67
[06-Oct-2016 11:25:20 UTC] Uncaught PHP Exception Symfony\Component\HttpKernel\Exception\HttpException: "The specified #ajax callback is empty or not callable." at /home/ruslana/public_html/core/lib/Drupal/Core/Form/FormAjaxResponseBuilder.php line 67
[06-Oct-2016 11:29:08 UTC] Uncaught PHP Exception Symfony\Component\HttpKernel\Exception\HttpException: "The specified #ajax callback is empty or not callable." at /home/ruslana/public_html/core/lib/Drupal/Core/Form/FormAjaxResponseBuilder.php line 67
[06-Oct-2016 11:29:30 UTC] Uncaught PHP Exception Symfony\Component\HttpKernel\Exception\HttpException: "The specified #ajax callback is empty or not callable." at /home/ruslana/public_html/core/lib/Drupal/Core/Form/FormAjaxResponseBuilder.php line 67
[06-Oct-2016 11:29:34 UTC] Uncaught PHP Exception Symfony\Component\HttpKernel\Exception\HttpException: "The specified #ajax callback is empty or not callable." at /home/ruslana/public_html/core/lib/Drupal/Core/Form/FormAjaxResponseBuilder.php line 67
[06-Oct-2016 11:29:59 UTC] Uncaught PHP Exception Symfony\Component\HttpKernel\Exception\HttpException: "The specified #ajax callback is empty or not callable." at /home/ruslana/public_html/core/lib/Drupal/Core/Form/FormAjaxResponseBuilder.php line 67
[06-Oct-2016 11:38:38 UTC] Uncaught PHP Exception Symfony\Component\HttpKernel\Exception\HttpException: "The specified #ajax callback is empty or not callable." at /home/ruslana/public_html/core/lib/Drupal/Core/Form/FormAjaxResponseBuilder.php line 67
[06-Oct-2016 11:59:13 UTC] Uncaught PHP Exception Symfony\Component\HttpKernel\Exception\HttpException: "The specified #ajax callback is empty or not callable." at /home/ruslana/public_html/core/lib/Drupal/Core/Form/FormAjaxResponseBuilder.php line 67
[06-Oct-2016 12:00:06 UTC] Uncaught PHP Exception Symfony\Component\HttpKernel\Exception\HttpException: "The specified #ajax callback is empty or not callable." at /home/ruslana/public_html/core/lib/Drupal/Core/Form/FormAjaxResponseBuilder.php line 67
[06-Oct-2016 12:12:19 UTC] Uncaught PHP Exception Symfony\Component\HttpKernel\Exception\HttpException: "The specified #ajax callback is empty or not callable." at /home/ruslana/public_html/core/lib/Drupal/Core/Form/FormAjaxResponseBuilder.php line 67
[06-Oct-2016 12:14:40 UTC] PHP Fatal error:  Namespace declaration statement has to be the very first statement in the script in /home/ruslana/public_html/modules/custom/develop/src/Form/FeedbackEntityForm.php on line 3
[06-Oct-2016 12:15:53 UTC] Uncaught PHP Exception Symfony\Component\HttpKernel\Exception\HttpException: "The specified #ajax callback is empty or not callable." at /home/ruslana/public_html/core/lib/Drupal/Core/Form/FormAjaxResponseBuilder.php line 67
[06-Oct-2016 13:28:13 UTC] PHP Parse error:  syntax error, unexpected ';', expecting ')' in /home/ruslana/public_html/modules/custom/develop/src/Form/FeedbackForm.php on line 57
[06-Oct-2016 15:39:34 UTC] PHP Fatal error:  Cannot use object of type Drupal\Core\Render\Markup as array in /home/ruslana/public_html/core/lib/Drupal/Core/Form/FormAjaxResponseBuilder.php on line 84
[06-Oct-2016 16:07:05 UTC] PHP Fatal error:  Cannot use object of type Drupal\Core\Render\Markup as array in /home/ruslana/public_html/core/lib/Drupal/Core/Form/FormAjaxResponseBuilder.php on line 84
[06-Oct-2016 16:07:14 UTC] PHP Fatal error:  Cannot use object of type Drupal\Core\Render\Markup as array in /home/ruslana/public_html/core/lib/Drupal/Core/Form/FormAjaxResponseBuilder.php on line 84
[06-Oct-2016 16:08:01 UTC] PHP Fatal error:  Cannot use object of type Drupal\Core\Render\Markup as array in /home/ruslana/public_html/core/lib/Drupal/Core/Form/FormAjaxResponseBuilder.php on line 84
[06-Oct-2016 16:09:46 UTC] PHP Fatal error:  Cannot use object of type Drupal\Core\Render\Markup as array in /home/ruslana/public_html/core/lib/Drupal/Core/Form/FormAjaxResponseBuilder.php on line 84
[06-Oct-2016 16:12:27 UTC] PHP Fatal error:  Cannot use object of type Drupal\Core\Render\Markup as array in /home/ruslana/public_html/core/lib/Drupal/Core/Form/FormAjaxResponseBuilder.php on line 84
[06-Oct-2016 16:16:25 UTC] PHP Fatal error:  Cannot use object of type Drupal\Core\Render\Markup as array in /home/ruslana/public_html/core/lib/Drupal/Core/Form/FormAjaxResponseBuilder.php on line 84
[06-Oct-2016 16:22:45 UTC] PHP Fatal error:  Cannot use object of type Drupal\Core\Render\Markup as array in /home/ruslana/public_html/core/lib/Drupal/Core/Form/FormAjaxResponseBuilder.php on line 84
[06-Oct-2016 16:23:46 UTC] PHP Fatal error:  Cannot use object of type Drupal\Core\Render\Markup as array in /home/ruslana/public_html/core/lib/Drupal/Core/Form/FormAjaxResponseBuilder.php on line 84
[06-Oct-2016 16:24:40 UTC] PHP Fatal error:  Cannot use object of type Drupal\Core\Render\Markup as array in /home/ruslana/public_html/core/lib/Drupal/Core/Form/FormAjaxResponseBuilder.php on line 84
[06-Oct-2016 16:25:29 UTC] PHP Fatal error:  Cannot use object of type Drupal\Core\Render\Markup as array in /home/ruslana/public_html/core/lib/Drupal/Core/Form/FormAjaxResponseBuilder.php on line 84
[06-Oct-2016 17:45:16 UTC] PHP Fatal error:  Cannot use object of type Drupal\Core\Render\Markup as array in /home/ruslana/public_html/core/lib/Drupal/Core/Form/FormAjaxResponseBuilder.php on line 84
[06-Oct-2016 17:46:19 UTC] PHP Fatal error:  Cannot use object of type Drupal\Core\Render\Markup as array in /home/ruslana/public_html/core/lib/Drupal/Core/Form/FormAjaxResponseBuilder.php on line 84
[06-Oct-2016 17:47:57 UTC] PHP Fatal error:  Cannot use object of type Drupal\Core\Render\Markup as array in /home/ruslana/public_html/core/lib/Drupal/Core/Form/FormAjaxResponseBuilder.php on line 84
[06-Oct-2016 18:03:56 UTC] PHP Fatal error:  Cannot use object of type Drupal\Core\Render\Markup as array in /home/ruslana/public_html/core/lib/Drupal/Core/Form/FormAjaxResponseBuilder.php on line 84
[06-Oct-2016 18:05:24 UTC] PHP Fatal error:  Cannot use object of type Drupal\Core\Render\Markup as array in /home/ruslana/public_html/core/lib/Drupal/Core/Form/FormAjaxResponseBuilder.php on line 84
[06-Oct-2016 20:42:26 UTC] PHP Fatal error:  Cannot use object of type Drupal\Core\Render\Markup as array in /home/ruslana/public_html/core/lib/Drupal/Core/Form/FormAjaxResponseBuilder.php on line 84
[06-Oct-2016 20:46:03 UTC] PHP Fatal error:  Cannot use object of type Drupal\Core\Render\Markup as array in /home/ruslana/public_html/core/lib/Drupal/Core/Form/FormAjaxResponseBuilder.php on line 84
[06-Oct-2016 20:47:46 UTC] PHP Fatal error:  Cannot use object of type Drupal\Core\Render\Markup as array in /home/ruslana/public_html/core/lib/Drupal/Core/Form/FormAjaxResponseBuilder.php on line 84
[06-Oct-2016 20:48:34 UTC] PHP Fatal error:  Cannot use object of type Drupal\Core\Render\Markup as array in /home/ruslana/public_html/core/lib/Drupal/Core/Form/FormAjaxResponseBuilder.php on line 84
[07-Oct-2016 12:44:38 UTC] PHP Fatal error:  Cannot use object of type Drupal\Core\Render\Markup as array in /home/ruslana/public_html/core/lib/Drupal/Core/Form/FormAjaxResponseBuilder.php on line 84
[08-Oct-2016 14:02:20 UTC] Uncaught PHP Exception GuzzleHttp\Exception\ConnectException: "cURL error 28: Operation timed out after 5001 milliseconds with 0 bytes received (see http://curl.haxx.se/libcurl/c/libcurl-errors.html)" at /home/ruslana/public_html/vendor/guzzlehttp/guzzle/src/Handler/CurlFactory.php line 186
[10-Oct-2016 05:32:49 UTC] Recoverable fatal error: Argument 2 passed to Symfony\Component\HttpKernel\Exception\NotFoundHttpException::__construct() must be an instance of Exception, integer given, called in /home/ruslana/public_html/modules/custom/develop/src/Controller/ApiController.php on line 182 and defined in /home/ruslana/public_html/vendor/symfony/http-kernel/Exception/NotFoundHttpException.php on line 28
[10-Oct-2016 20:59:02 UTC] Recoverable fatal error: Argument 2 passed to Symfony\Component\HttpKernel\Exception\NotFoundHttpException::__construct() must be an instance of Exception, integer given, called in /home/ruslana/public_html/modules/custom/develop/src/Controller/ApiController.php on line 182 and defined in /home/ruslana/public_html/vendor/symfony/http-kernel/Exception/NotFoundHttpException.php on line 28
[10-Oct-2016 20:59:06 UTC] Recoverable fatal error: Argument 2 passed to Symfony\Component\HttpKernel\Exception\NotFoundHttpException::__construct() must be an instance of Exception, integer given, called in /home/ruslana/public_html/modules/custom/develop/src/Controller/ApiController.php on line 182 and defined in /home/ruslana/public_html/vendor/symfony/http-kernel/Exception/NotFoundHttpException.php on line 28
[11-Oct-2016 10:07:04 UTC] PHP Fatal error:  Cannot use object of type Drupal\Core\Render\Markup as array in /home/ruslana/public_html/core/lib/Drupal/Core/Form/FormAjaxResponseBuilder.php on line 84
[11-Oct-2016 13:15:35 UTC] PHP Parse error:  syntax error, unexpected '}' in /home/ruslana/public_html/modules/custom/lottery/src/Libraries/G2Pay.php on line 115
[11-Oct-2016 15:23:17 UTC] PHP Fatal error:  Call to undefined method Drupal\lottery\Entity\PrizeKeys::code() in /home/ruslana/public_html/modules/custom/lottery/src/PrizeKeysListBuilder.php on line 55
[11-Oct-2016 15:23:55 UTC] PHP Fatal error:  Call to undefined method Drupal\lottery\Entity\PrizeKeys::code() in /home/ruslana/public_html/modules/custom/lottery/src/PrizeKeysListBuilder.php on line 55
[11-Oct-2016 15:24:06 UTC] PHP Fatal error:  Call to undefined method Drupal\lottery\Entity\PrizeKeys::code() in /home/ruslana/public_html/modules/custom/lottery/src/PrizeKeysListBuilder.php on line 55
[11-Oct-2016 15:27:33 UTC] Uncaught PHP Exception Exception: "Object of type Drupal\Core\Field\FieldItemList cannot be printed." at /home/ruslana/public_html/core/lib/Drupal/Core/Template/TwigExtension.php line 437
[11-Oct-2016 15:28:30 UTC] Uncaught PHP Exception Exception: "Object of type Drupal\Core\Field\FieldItemList cannot be printed." at /home/ruslana/public_html/core/lib/Drupal/Core/Template/TwigExtension.php line 437
[11-Oct-2016 15:29:08 UTC] Uncaught PHP Exception Exception: "Object of type Drupal\Core\Field\FieldItemList cannot be printed." at /home/ruslana/public_html/core/lib/Drupal/Core/Template/TwigExtension.php line 437
[11-Oct-2016 15:29:29 UTC] Uncaught PHP Exception Exception: "Object of type Drupal\Core\Field\FieldItemList cannot be printed." at /home/ruslana/public_html/core/lib/Drupal/Core/Template/TwigExtension.php line 437
[11-Oct-2016 15:30:01 UTC] Uncaught PHP Exception Exception: "Object of type Drupal\Core\Field\FieldItemList cannot be printed." at /home/ruslana/public_html/core/lib/Drupal/Core/Template/TwigExtension.php line 437
[11-Oct-2016 15:30:36 UTC] PHP Fatal error:  Cannot use object of type Drupal\lottery\Entity\PrizeKeys as array in /home/ruslana/public_html/modules/custom/lottery/src/PrizeKeysListBuilder.php on line 52
[11-Oct-2016 15:30:51 UTC] Uncaught PHP Exception Exception: "Object of type Drupal\Core\Field\FieldItemList cannot be printed." at /home/ruslana/public_html/core/lib/Drupal/Core/Template/TwigExtension.php line 437
[11-Oct-2016 15:31:33 UTC] Recoverable fatal error: Argument 2 passed to Symfony\Component\HttpKernel\Exception\NotFoundHttpException::__construct() must be an instance of Exception, integer given, called in /home/ruslana/public_html/modules/custom/develop/src/Controller/ApiController.php on line 182 and defined in /home/ruslana/public_html/vendor/symfony/http-kernel/Exception/NotFoundHttpException.php on line 28
[11-Oct-2016 16:36:06 UTC] Recoverable fatal error: Argument 2 passed to Symfony\Component\HttpKernel\Exception\NotFoundHttpException::__construct() must be an instance of Exception, integer given, called in /home/ruslana/public_html/modules/custom/develop/src/Controller/ApiController.php on line 182 and defined in /home/ruslana/public_html/vendor/symfony/http-kernel/Exception/NotFoundHttpException.php on line 28
[11-Oct-2016 16:36:33 UTC] Uncaught PHP Exception GuzzleHttp\Exception\ConnectException: "cURL error 28: Operation timed out after 5001 milliseconds with 0 bytes received (see http://curl.haxx.se/libcurl/c/libcurl-errors.html)" at /home/ruslana/public_html/vendor/guzzlehttp/guzzle/src/Handler/CurlFactory.php line 186
[11-Oct-2016 16:37:27 UTC] Recoverable fatal error: Argument 2 passed to Symfony\Component\HttpKernel\Exception\NotFoundHttpException::__construct() must be an instance of Exception, integer given, called in /home/ruslana/public_html/modules/custom/develop/src/Controller/ApiController.php on line 182 and defined in /home/ruslana/public_html/vendor/symfony/http-kernel/Exception/NotFoundHttpException.php on line 28
[11-Oct-2016 16:37:46 UTC] Recoverable fatal error: Argument 2 passed to Symfony\Component\HttpKernel\Exception\NotFoundHttpException::__construct() must be an instance of Exception, integer given, called in /home/ruslana/public_html/modules/custom/develop/src/Controller/ApiController.php on line 182 and defined in /home/ruslana/public_html/vendor/symfony/http-kernel/Exception/NotFoundHttpException.php on line 28
[11-Oct-2016 16:37:50 UTC] Recoverable fatal error: Argument 2 passed to Symfony\Component\HttpKernel\Exception\NotFoundHttpException::__construct() must be an instance of Exception, integer given, called in /home/ruslana/public_html/modules/custom/develop/src/Controller/ApiController.php on line 182 and defined in /home/ruslana/public_html/vendor/symfony/http-kernel/Exception/NotFoundHttpException.php on line 28
[11-Oct-2016 16:38:21 UTC] Recoverable fatal error: Argument 2 passed to Symfony\Component\HttpKernel\Exception\NotFoundHttpException::__construct() must be an instance of Exception, integer given, called in /home/ruslana/public_html/modules/custom/develop/src/Controller/ApiController.php on line 182 and defined in /home/ruslana/public_html/vendor/symfony/http-kernel/Exception/NotFoundHttpException.php on line 28
[11-Oct-2016 17:01:52 UTC] Recoverable fatal error: Argument 2 passed to Symfony\Component\HttpKernel\Exception\NotFoundHttpException::__construct() must be an instance of Exception, integer given, called in /home/ruslana/public_html/modules/custom/develop/src/Controller/ApiController.php on line 182 and defined in /home/ruslana/public_html/vendor/symfony/http-kernel/Exception/NotFoundHttpException.php on line 28
[11-Oct-2016 17:42:48 UTC] Recoverable fatal error: Argument 2 passed to Symfony\Component\HttpKernel\Exception\NotFoundHttpException::__construct() must be an instance of Exception, integer given, called in /home/ruslana/public_html/modules/custom/develop/src/Controller/ApiController.php on line 182 and defined in /home/ruslana/public_html/vendor/symfony/http-kernel/Exception/NotFoundHttpException.php on line 28
[11-Oct-2016 17:44:27 UTC] Recoverable fatal error: Argument 2 passed to Symfony\Component\HttpKernel\Exception\NotFoundHttpException::__construct() must be an instance of Exception, integer given, called in /home/ruslana/public_html/modules/custom/develop/src/Controller/ApiController.php on line 182 and defined in /home/ruslana/public_html/vendor/symfony/http-kernel/Exception/NotFoundHttpException.php on line 28
[11-Oct-2016 17:44:27 UTC] Recoverable fatal error: Argument 2 passed to Symfony\Component\HttpKernel\Exception\NotFoundHttpException::__construct() must be an instance of Exception, integer given, called in /home/ruslana/public_html/modules/custom/develop/src/Controller/ApiController.php on line 182 and defined in /home/ruslana/public_html/vendor/symfony/http-kernel/Exception/NotFoundHttpException.php on line 28
[11-Oct-2016 17:50:02 UTC] Recoverable fatal error: Argument 2 passed to Symfony\Component\HttpKernel\Exception\NotFoundHttpException::__construct() must be an instance of Exception, integer given, called in /home/ruslana/public_html/modules/custom/develop/src/Controller/ApiController.php on line 182 and defined in /home/ruslana/public_html/vendor/symfony/http-kernel/Exception/NotFoundHttpException.php on line 28
[11-Oct-2016 17:53:35 UTC] Recoverable fatal error: Argument 2 passed to Symfony\Component\HttpKernel\Exception\NotFoundHttpException::__construct() must be an instance of Exception, integer given, called in /home/ruslana/public_html/modules/custom/develop/src/Controller/ApiController.php on line 182 and defined in /home/ruslana/public_html/vendor/symfony/http-kernel/Exception/NotFoundHttpException.php on line 28
[11-Oct-2016 18:35:37 UTC] Recoverable fatal error: Argument 2 passed to Symfony\Component\HttpKernel\Exception\NotFoundHttpException::__construct() must be an instance of Exception, integer given, called in /home/ruslana/public_html/modules/custom/develop/src/Controller/ApiController.php on line 182 and defined in /home/ruslana/public_html/vendor/symfony/http-kernel/Exception/NotFoundHttpException.php on line 28
[11-Oct-2016 18:43:42 UTC] Recoverable fatal error: Argument 2 passed to Symfony\Component\HttpKernel\Exception\NotFoundHttpException::__construct() must be an instance of Exception, integer given, called in /home/ruslana/public_html/modules/custom/develop/src/Controller/ApiController.php on line 182 and defined in /home/ruslana/public_html/vendor/symfony/http-kernel/Exception/NotFoundHttpException.php on line 28
[11-Oct-2016 19:13:43 UTC] Recoverable fatal error: Argument 2 passed to Symfony\Component\HttpKernel\Exception\NotFoundHttpException::__construct() must be an instance of Exception, integer given, called in /home/ruslana/public_html/modules/custom/develop/src/Controller/ApiController.php on line 182 and defined in /home/ruslana/public_html/vendor/symfony/http-kernel/Exception/NotFoundHttpException.php on line 28
[12-Oct-2016 08:01:04 UTC] Recoverable fatal error: Argument 2 passed to Symfony\Component\HttpKernel\Exception\NotFoundHttpException::__construct() must be an instance of Exception, integer given, called in /home/ruslana/public_html/modules/custom/develop/src/Controller/ApiController.php on line 182 and defined in /home/ruslana/public_html/vendor/symfony/http-kernel/Exception/NotFoundHttpException.php on line 28
[12-Oct-2016 11:40:49 UTC] PHP Fatal error:  Cannot use object of type Drupal\Core\Render\Markup as array in /home/ruslana/public_html/core/lib/Drupal/Core/Form/FormAjaxResponseBuilder.php on line 84
[12-Oct-2016 20:14:10 UTC] PHP Fatal error:  Cannot use object of type Drupal\Core\Render\Markup as array in /home/ruslana/public_html/core/lib/Drupal/Core/Form/FormAjaxResponseBuilder.php on line 84
[13-Oct-2016 07:09:24 UTC] Uncaught PHP Exception Symfony\Component\Routing\Exception\RouteNotFoundException: "Route "order_list.collection" does not exist." at /home/ruslana/public_html/core/lib/Drupal/Core/Routing/RouteProvider.php line 186
[13-Oct-2016 07:10:14 UTC] Uncaught PHP Exception Symfony\Component\Routing\Exception\RouteNotFoundException: "Route "order_list.collection" does not exist." at /home/ruslana/public_html/core/lib/Drupal/Core/Routing/RouteProvider.php line 186
[13-Oct-2016 07:10:17 UTC] Uncaught PHP Exception Symfony\Component\Routing\Exception\RouteNotFoundException: "Route "order_list.collection" does not exist." at /home/ruslana/public_html/core/lib/Drupal/Core/Routing/RouteProvider.php line 186
[13-Oct-2016 07:10:19 UTC] Uncaught PHP Exception Symfony\Component\Routing\Exception\RouteNotFoundException: "Route "order_list.collection" does not exist." at /home/ruslana/public_html/core/lib/Drupal/Core/Routing/RouteProvider.php line 186
[13-Oct-2016 07:10:22 UTC] Uncaught PHP Exception Symfony\Component\Routing\Exception\RouteNotFoundException: "Route "order_list.collection" does not exist." at /home/ruslana/public_html/core/lib/Drupal/Core/Routing/RouteProvider.php line 186
[13-Oct-2016 07:10:27 UTC] Uncaught PHP Exception Symfony\Component\Routing\Exception\RouteNotFoundException: "Route "order_list.collection" does not exist." at /home/ruslana/public_html/core/lib/Drupal/Core/Routing/RouteProvider.php line 186
[13-Oct-2016 07:10:32 UTC] Uncaught PHP Exception Symfony\Component\Routing\Exception\RouteNotFoundException: "Route "order_list.collection" does not exist." at /home/ruslana/public_html/core/lib/Drupal/Core/Routing/RouteProvider.php line 186
[13-Oct-2016 07:10:36 UTC] Uncaught PHP Exception Symfony\Component\Routing\Exception\RouteNotFoundException: "Route "order_list.collection" does not exist." at /home/ruslana/public_html/core/lib/Drupal/Core/Routing/RouteProvider.php line 186
[13-Oct-2016 07:10:41 UTC] Uncaught PHP Exception Symfony\Component\Routing\Exception\RouteNotFoundException: "Route "order_list.collection" does not exist." at /home/ruslana/public_html/core/lib/Drupal/Core/Routing/RouteProvider.php line 186
[13-Oct-2016 07:10:43 UTC] Uncaught PHP Exception Symfony\Component\Routing\Exception\RouteNotFoundException: "Route "order_list.collection" does not exist." at /home/ruslana/public_html/core/lib/Drupal/Core/Routing/RouteProvider.php line 186
[13-Oct-2016 07:11:39 UTC] Uncaught PHP Exception Symfony\Component\Routing\Exception\RouteNotFoundException: "Route "order_list.collection" does not exist." at /home/ruslana/public_html/core/lib/Drupal/Core/Routing/RouteProvider.php line 186
[13-Oct-2016 07:11:43 UTC] Uncaught PHP Exception Symfony\Component\Routing\Exception\RouteNotFoundException: "Route "order_list.collection" does not exist." at /home/ruslana/public_html/core/lib/Drupal/Core/Routing/RouteProvider.php line 186
[13-Oct-2016 07:13:32 UTC] Uncaught PHP Exception Symfony\Component\Routing\Exception\RouteNotFoundException: "Route "order_list.collection" does not exist." at /home/ruslana/public_html/core/lib/Drupal/Core/Routing/RouteProvider.php line 186
[13-Oct-2016 07:13:34 UTC] Uncaught PHP Exception Symfony\Component\Routing\Exception\RouteNotFoundException: "Route "order_list.collection" does not exist." at /home/ruslana/public_html/core/lib/Drupal/Core/Routing/RouteProvider.php line 186
[13-Oct-2016 03:13:47 America/New_York] PHP Fatal error:  Class 'Drupal\Core\Routing\RouteProvider' not found in /home/ruslana/public_html/core/lib/Drupal/Component/DependencyInjection/Container.php on line 288
[13-Oct-2016 07:13:57 UTC] Uncaught PHP Exception Symfony\Component\Routing\Exception\RouteNotFoundException: "Route "order_list.collection" does not exist." at /home/ruslana/public_html/core/lib/Drupal/Core/Routing/RouteProvider.php line 186
[13-Oct-2016 07:14:17 UTC] Uncaught PHP Exception Symfony\Component\Routing\Exception\RouteNotFoundException: "Route "order_list.collection" does not exist." at /home/ruslana/public_html/core/lib/Drupal/Core/Routing/RouteProvider.php line 186
[13-Oct-2016 07:14:19 UTC] Uncaught PHP Exception Symfony\Component\Routing\Exception\RouteNotFoundException: "Route "order_list.collection" does not exist." at /home/ruslana/public_html/core/lib/Drupal/Core/Routing/RouteProvider.php line 186
[13-Oct-2016 07:14:40 UTC] Uncaught PHP Exception Symfony\Component\Routing\Exception\RouteNotFoundException: "Route "order_list.collection" does not exist." at /home/ruslana/public_html/core/lib/Drupal/Core/Routing/RouteProvider.php line 186
[13-Oct-2016 07:14:42 UTC] Uncaught PHP Exception Symfony\Component\Routing\Exception\RouteNotFoundException: "Route "order_list.collection" does not exist." at /home/ruslana/public_html/core/lib/Drupal/Core/Routing/RouteProvider.php line 186
[13-Oct-2016 07:14:48 UTC] Uncaught PHP Exception Symfony\Component\Routing\Exception\RouteNotFoundException: "Route "order_list.collection" does not exist." at /home/ruslana/public_html/core/lib/Drupal/Core/Routing/RouteProvider.php line 186
[13-Oct-2016 07:16:04 UTC] Uncaught PHP Exception Symfony\Component\Routing\Exception\RouteNotFoundException: "Route "order_list.collection" does not exist." at /home/ruslana/public_html/core/lib/Drupal/Core/Routing/RouteProvider.php line 186
[13-Oct-2016 03:16:49 America/New_York] Drupal\Core\Database\DatabaseExceptionWrapper: SQLSTATE[42S02]: Base table or view not found: 1146 Table 'ruslana_rscheapgold.sessions' doesn't exist: SELECT session FROM {sessions} WHERE sid = :sid LIMIT 0, 1; Array
(
    [:sid] => ed_KdajC7KWOyKp7FNVgVWccEjVty4OLDY8e6Xvkuug
)
 in /home/ruslana/public_html/core/lib/Drupal/Core/Session/SessionHandler.php on line 61
[13-Oct-2016 03:16:51 America/New_York] Drupal\Core\Database\DatabaseExceptionWrapper: SQLSTATE[42S02]: Base table or view not found: 1146 Table 'ruslana_rscheapgold.sessions' doesn't exist: SELECT session FROM {sessions} WHERE sid = :sid LIMIT 0, 1; Array
(
    [:sid] => ed_KdajC7KWOyKp7FNVgVWccEjVty4OLDY8e6Xvkuug
)
 in /home/ruslana/public_html/core/lib/Drupal/Core/Session/SessionHandler.php on line 61
[13-Oct-2016 03:16:52 America/New_York] Drupal\Core\Database\DatabaseExceptionWrapper: SQLSTATE[42S02]: Base table or view not found: 1146 Table 'ruslana_rscheapgold.sessions' doesn't exist: SELECT session FROM {sessions} WHERE sid = :sid LIMIT 0, 1; Array
(
    [:sid] => ed_KdajC7KWOyKp7FNVgVWccEjVty4OLDY8e6Xvkuug
)
 in /home/ruslana/public_html/core/lib/Drupal/Core/Session/SessionHandler.php on line 61
[13-Oct-2016 03:19:16 America/New_York] Drupal\Core\Database\DatabaseExceptionWrapper: SQLSTATE[42S02]: Base table or view not found: 1146 Table 'ruslana_rscheapgold.sessions' doesn't exist: SELECT session FROM {sessions} WHERE sid = :sid LIMIT 0, 1; Array
(
    [:sid] => ed_KdajC7KWOyKp7FNVgVWccEjVty4OLDY8e6Xvkuug
)
 in /home/ruslana/public_html/core/lib/Drupal/Core/Session/SessionHandler.php on line 61
[13-Oct-2016 07:27:56 UTC] Uncaught PHP Exception Symfony\Component\Routing\Exception\RouteNotFoundException: "Route "order_list.collection" does not exist." at /home/ruslana/public_html/core/lib/Drupal/Core/Routing/RouteProvider.php line 186
[13-Oct-2016 07:28:09 UTC] Uncaught PHP Exception Symfony\Component\Routing\Exception\RouteNotFoundException: "Route "order_list.collection" does not exist." at /home/ruslana/public_html/core/lib/Drupal/Core/Routing/RouteProvider.php line 186
[13-Oct-2016 07:28:18 UTC] Uncaught PHP Exception Symfony\Component\Routing\Exception\RouteNotFoundException: "Route "order_list.collection" does not exist." at /home/ruslana/public_html/core/lib/Drupal/Core/Routing/RouteProvider.php line 186
[13-Oct-2016 07:29:42 UTC] Uncaught PHP Exception Symfony\Component\Routing\Exception\RouteNotFoundException: "Route "order_list.collection" does not exist." at /home/ruslana/public_html/core/lib/Drupal/Core/Routing/RouteProvider.php line 186
[13-Oct-2016 07:30:35 UTC] Uncaught PHP Exception Symfony\Component\Routing\Exception\RouteNotFoundException: "Route "order_list.collection" does not exist." at /home/ruslana/public_html/core/lib/Drupal/Core/Routing/RouteProvider.php line 186
[13-Oct-2016 07:30:36 UTC] Uncaught PHP Exception Symfony\Component\Routing\Exception\RouteNotFoundException: "Route "order_list.collection" does not exist." at /home/ruslana/public_html/core/lib/Drupal/Core/Routing/RouteProvider.php line 186
[13-Oct-2016 07:31:34 UTC] Uncaught PHP Exception Symfony\Component\Routing\Exception\RouteNotFoundException: "Route "order_list.collection" does not exist." at /home/ruslana/public_html/core/lib/Drupal/Core/Routing/RouteProvider.php line 186
[13-Oct-2016 07:31:45 UTC] Uncaught PHP Exception Symfony\Component\Routing\Exception\RouteNotFoundException: "Route "order_list.collection" does not exist." at /home/ruslana/public_html/core/lib/Drupal/Core/Routing/RouteProvider.php line 186
[13-Oct-2016 07:32:05 UTC] Uncaught PHP Exception Symfony\Component\Routing\Exception\RouteNotFoundException: "Route "order_list.collection" does not exist." at /home/ruslana/public_html/core/lib/Drupal/Core/Routing/RouteProvider.php line 186
[13-Oct-2016 07:32:06 UTC] Uncaught PHP Exception Symfony\Component\Routing\Exception\RouteNotFoundException: "Route "order_list.collection" does not exist." at /home/ruslana/public_html/core/lib/Drupal/Core/Routing/RouteProvider.php line 186
[13-Oct-2016 07:32:22 UTC] Uncaught PHP Exception Symfony\Component\Routing\Exception\RouteNotFoundException: "Route "order_list.collection" does not exist." at /home/ruslana/public_html/core/lib/Drupal/Core/Routing/RouteProvider.php line 186
[13-Oct-2016 07:34:22 UTC] Uncaught PHP Exception Symfony\Component\Routing\Exception\RouteNotFoundException: "Route "order_list.collection" does not exist." at /home/ruslana/public_html/core/lib/Drupal/Core/Routing/RouteProvider.php line 186
[13-Oct-2016 07:40:54 UTC] Uncaught PHP Exception Symfony\Component\Routing\Exception\RouteNotFoundException: "Route "order_list.collection" does not exist." at /home/ruslana/public_html/core/lib/Drupal/Core/Routing/RouteProvider.php line 186
[13-Oct-2016 07:40:57 UTC] Uncaught PHP Exception Symfony\Component\Routing\Exception\RouteNotFoundException: "Route "order_list.collection" does not exist." at /home/ruslana/public_html/core/lib/Drupal/Core/Routing/RouteProvider.php line 186
[13-Oct-2016 07:41:07 UTC] Uncaught PHP Exception Symfony\Component\Routing\Exception\RouteNotFoundException: "Route "order_list.collection" does not exist." at /home/ruslana/public_html/core/lib/Drupal/Core/Routing/RouteProvider.php line 186
[13-Oct-2016 07:42:51 UTC] Uncaught PHP Exception Symfony\Component\Routing\Exception\RouteNotFoundException: "Route "order_list.collection" does not exist." at /home/ruslana/public_html/core/lib/Drupal/Core/Routing/RouteProvider.php line 186
[13-Oct-2016 07:44:56 UTC] Uncaught PHP Exception Symfony\Component\Routing\Exception\RouteNotFoundException: "Route "order_list.collection" does not exist." at /home/ruslana/public_html/core/lib/Drupal/Core/Routing/RouteProvider.php line 186
[13-Oct-2016 09:23:24 UTC] Recoverable fatal error: Argument 2 passed to Symfony\Component\HttpKernel\Exception\NotFoundHttpException::__construct() must be an instance of Exception, integer given, called in /home/ruslana/public_html/modules/custom/develop/src/Controller/ApiController.php on line 184 and defined in /home/ruslana/public_html/vendor/symfony/http-kernel/Exception/NotFoundHttpException.php on line 28
